

================================================================
== Vitis HLS Report for 'read_input_1'
================================================================
* Date:           Mon Nov 25 16:13:55 2024

* Version:        2024.1 (Build 5069499 on May 21 2024)
* Project:        vadd
* Solution:       hls (Vitis Kernel Flow Target)
* Product family: zynquplus
* Target device:  xczu9eg-ffvb1156-2-e


================================================================
== Performance Estimates
================================================================
+ Timing: 
    * Summary: 
    +--------+---------+----------+------------+
    |  Clock |  Target | Estimated| Uncertainty|
    +--------+---------+----------+------------+
    |ap_clk  |  6.67 ns|  4.867 ns|     1.80 ns|
    +--------+---------+----------+------------+

+ Latency: 
    * Summary: 
    +---------+---------+-----------+-----------+------+------+-----------------------------------------------+
    |  Latency (cycles) |   Latency (absolute)  |   Interval  |                    Pipeline                   |
    |   min   |   max   |    min    |    max    |  min |  max |                      Type                     |
    +---------+---------+-----------+-----------+------+------+-----------------------------------------------+
    |     4170|     4170|  27.801 us|  27.801 us|  4097|  4097|  loop auto-rewind stp(delay=0 clock cycles(s))|
    +---------+---------+-----------+-----------+------+------+-----------------------------------------------+

    + Detail: 
        * Instance: 
        N/A

        * Loop: 
        +----------+---------+---------+----------+-----------+-----------+------+----------+
        |          |  Latency (cycles) | Iteration|  Initiation Interval  | Trip |          |
        | Loop Name|   min   |   max   |  Latency |  achieved |   target  | Count| Pipelined|
        +----------+---------+---------+----------+-----------+-----------+------+----------+
        |- mem_rd  |     4168|     4168|        74|          1|          1|  4096|       yes|
        +----------+---------+---------+----------+-----------+-----------+------+----------+

============================================================
+ Verbose Summary: Synthesis Manager
============================================================
InlineROM: 1
ExposeGlobal: 0
============================================================
+ Verbose Summary: CDFG Model
============================================================
IsTopModel: 0
ResetActiveHigh: 1
IsCombinational: 2
IsDatapathOnly: 0
HasWiredReturn: 1
HasMFsm: 2
HasVarLatency: 1
IsPipeline: 0
IsRtlPipelined: 0
IsInstanceOverlapped: 0
IsDontTouch: 0
HasImplIP: 0
IsGatedGlobalClock: 0

+ Individual pipeline summary: 
  * Pipeline-0: initiation interval (II) = 1, depth = 74


============================================================
+ Verbose Summary: Schedule
============================================================
* Number of FSM states : 74
* Pipeline : 1
  Pipeline-0 : II = 1, D = 74, States = { 1 2 3 4 5 6 7 8 9 10 11 12 13 14 15 16 17 18 19 20 21 22 23 24 25 26 27 28 29 30 31 32 33 34 35 36 37 38 39 40 41 42 43 44 45 46 47 48 49 50 51 52 53 54 55 56 57 58 59 60 61 62 63 64 65 66 67 68 69 70 71 72 73 74 }
* Dataflow Pipeline: 0

* FSM state transitions: 
1 --> 2 
2 --> 3 
3 --> 4 
4 --> 5 
5 --> 6 
6 --> 7 
7 --> 8 
8 --> 9 
9 --> 10 
10 --> 11 
11 --> 12 
12 --> 13 
13 --> 14 
14 --> 15 
15 --> 16 
16 --> 17 
17 --> 18 
18 --> 19 
19 --> 20 
20 --> 21 
21 --> 22 
22 --> 23 
23 --> 24 
24 --> 25 
25 --> 26 
26 --> 27 
27 --> 28 
28 --> 29 
29 --> 30 
30 --> 31 
31 --> 32 
32 --> 33 
33 --> 34 
34 --> 35 
35 --> 36 
36 --> 37 
37 --> 38 
38 --> 39 
39 --> 40 
40 --> 41 
41 --> 42 
42 --> 43 
43 --> 44 
44 --> 45 
45 --> 46 
46 --> 47 
47 --> 48 
48 --> 49 
49 --> 50 
50 --> 51 
51 --> 52 
52 --> 53 
53 --> 54 
54 --> 55 
55 --> 56 
56 --> 57 
57 --> 58 
58 --> 59 
59 --> 60 
60 --> 61 
61 --> 62 
62 --> 63 
63 --> 64 
64 --> 65 
65 --> 66 
66 --> 67 
67 --> 68 
68 --> 69 
69 --> 70 
70 --> 71 
71 --> 72 
72 --> 73 
73 --> 74 
74 --> 

* FSM state operations: 

State 1 <SV = 0> <Delay = 1.87>
ST_1 : Operation 77 [1/1] (0.00ns)   --->   "%i = alloca i32 1"   --->   Operation 77 'alloca' 'i' <Predicate = true> <Delay = 0.00>
ST_1 : Operation 78 [1/1] (0.00ns)   --->   "%specinterface_ln0 = specinterface void @_ssdm_op_SpecInterface, i32 %inStream2, void @empty_6, i32 0, i32 0, void @empty_3, i32 0, i32 0, void @empty_3, void @empty_3, void @empty_3, i32 0, i32 0, i32 0, i32 0, void @empty_3, void @empty_3, i32 4294967295, i32 0, i32 0"   --->   Operation 78 'specinterface' 'specinterface_ln0' <Predicate = true> <Delay = 0.00>
ST_1 : Operation 79 [1/1] (0.00ns)   --->   "%specinterface_ln0 = specinterface void @_ssdm_op_SpecInterface, i32 %inStream2, void @empty_6, i32 0, i32 0, void @empty_3, i32 0, i32 0, void @empty_3, void @empty_3, void @empty_3, i32 0, i32 0, i32 0, i32 0, void @empty_3, void @empty_3, i32 4294967295, i32 0, i32 0"   --->   Operation 79 'specinterface' 'specinterface_ln0' <Predicate = true> <Delay = 0.00>
ST_1 : Operation 80 [1/1] (0.00ns)   --->   "%specinterface_ln0 = specinterface void @_ssdm_op_SpecInterface, i32 %inStream2, void @empty_6, i32 0, i32 0, void @empty_3, i32 0, i32 0, void @empty_3, void @empty_3, void @empty_3, i32 0, i32 0, i32 0, i32 0, void @empty_3, void @empty_3, i32 4294967295, i32 0, i32 0"   --->   Operation 80 'specinterface' 'specinterface_ln0' <Predicate = true> <Delay = 0.00>
ST_1 : Operation 81 [1/1] (0.00ns)   --->   "%specinterface_ln0 = specinterface void @_ssdm_op_SpecInterface, i32 %inStream2, void @empty_6, i32 0, i32 0, void @empty_3, i32 0, i32 0, void @empty_3, void @empty_3, void @empty_3, i32 0, i32 0, i32 0, i32 0, void @empty_3, void @empty_3, i32 4294967295, i32 0, i32 0"   --->   Operation 81 'specinterface' 'specinterface_ln0' <Predicate = true> <Delay = 0.00>
ST_1 : Operation 82 [1/1] (0.00ns)   --->   "%specinterface_ln0 = specinterface void @_ssdm_op_SpecInterface, i32 %gmem1, void @empty_1, i32 0, i32 0, void @empty_3, i32 64, i32 0, void @empty_9, void @empty_10, void @empty_3, i32 16, i32 16, i32 16, i32 16, void @empty_3, void @empty_3, i32 4294967295, i32 0, i32 0"   --->   Operation 82 'specinterface' 'specinterface_ln0' <Predicate = true> <Delay = 0.00>
ST_1 : Operation 83 [1/1] (0.00ns)   --->   "%size_read = read i32 @_ssdm_op_Read.ap_auto.i32, i32 %size" [src/vadd.cpp:68]   --->   Operation 83 'read' 'size_read' <Predicate = true> <Delay = 0.00>
ST_1 : Operation 84 [1/1] (0.00ns)   --->   "%in_read = read i64 @_ssdm_op_Read.ap_auto.i64, i64 %in_r" [src/vadd.cpp:68]   --->   Operation 84 'read' 'in_read' <Predicate = true> <Delay = 0.00>
ST_1 : Operation 85 [1/1] (1.01ns)   --->   "%icmp_ln68 = icmp_sgt  i32 %size_read, i32 0" [src/vadd.cpp:68]   --->   Operation 85 'icmp' 'icmp_ln68' <Predicate = true> <Delay = 1.01> <CoreInst = "Cmp">   --->   Core 9 'Cmp' <Latency = 0> <II = 1> <Delay = 1.01> <FuncUnit> <Opcode : 'seteq' 'setne' 'setle' 'setge' 'setlt' 'setgt'> <InPorts = 2> <OutPorts = 1>
ST_1 : Operation 86 [1/1] (0.00ns)   --->   "%trunc_ln68 = trunc i32 %size_read" [src/vadd.cpp:68]   --->   Operation 86 'trunc' 'trunc_ln68' <Predicate = true> <Delay = 0.00>
ST_1 : Operation 87 [1/1] (0.41ns)   --->   "%empty = select i1 %icmp_ln68, i31 %trunc_ln68, i31 0" [src/vadd.cpp:68]   --->   Operation 87 'select' 'empty' <Predicate = true> <Delay = 0.41> <CoreInst = "Sel">   --->   Core 73 'Sel' <Latency = 0> <II = 1> <Delay = 0.41> <FuncUnit> <Opcode : 'select'> <InPorts = 3> <OutPorts = 1>
ST_1 : Operation 88 [1/1] (0.00ns)   --->   "%zext_ln68 = zext i31 %empty" [src/vadd.cpp:68]   --->   Operation 88 'zext' 'zext_ln68' <Predicate = true> <Delay = 0.00>
ST_1 : Operation 89 [1/1] (0.42ns)   --->   "%store_ln0 = store i31 0, i31 %i"   --->   Operation 89 'store' 'store_ln0' <Predicate = true> <Delay = 0.42>
ST_1 : Operation 90 [1/1] (0.42ns)   --->   "%br_ln68 = br void %for.inc.i" [src/vadd.cpp:68]   --->   Operation 90 'br' 'br_ln68' <Predicate = true> <Delay = 0.42>
ST_1 : Operation 91 [1/1] (0.00ns)   --->   "%first_iter_0 = phi i1 0, void %for.inc.split.i, i1 1, void %entry"   --->   Operation 91 'phi' 'first_iter_0' <Predicate = true> <Delay = 0.00>
ST_1 : Operation 92 [1/1] (0.00ns)   --->   "%i_load = load i31 %i" [src/vadd.cpp:68]   --->   Operation 92 'load' 'i_load' <Predicate = true> <Delay = 0.00>
ST_1 : Operation 93 [1/1] (0.00ns)   --->   "%zext_ln65 = zext i31 %i_load" [src/vadd.cpp:65]   --->   Operation 93 'zext' 'zext_ln65' <Predicate = true> <Delay = 0.00>
ST_1 : Operation 94 [1/1] (1.01ns)   --->   "%icmp_ln68_1 = icmp_slt  i32 %zext_ln65, i32 %size_read" [src/vadd.cpp:68]   --->   Operation 94 'icmp' 'icmp_ln68_1' <Predicate = true> <Delay = 1.01> <CoreInst = "Cmp">   --->   Core 9 'Cmp' <Latency = 0> <II = 1> <Delay = 1.01> <FuncUnit> <Opcode : 'seteq' 'setne' 'setle' 'setge' 'setlt' 'setgt'> <InPorts = 2> <OutPorts = 1>
ST_1 : Operation 95 [1/1] (0.00ns)   --->   "%br_ln68 = br i1 %icmp_ln68_1, void %read_input.1.exit, void %new.body.for.inc.i" [src/vadd.cpp:68]   --->   Operation 95 'br' 'br_ln68' <Predicate = true> <Delay = 0.00>
ST_1 : Operation 96 [1/1] (0.00ns)   --->   "%br_ln68 = br i1 %first_iter_0, void %for.inc.split.i, void %for.first.iter.for.inc.i" [src/vadd.cpp:68]   --->   Operation 96 'br' 'br_ln68' <Predicate = (icmp_ln68_1)> <Delay = 0.00>
ST_1 : Operation 97 [1/1] (1.00ns)   --->   "%add_ln68 = add i31 %i_load, i31 1" [src/vadd.cpp:68]   --->   Operation 97 'add' 'add_ln68' <Predicate = (icmp_ln68_1)> <Delay = 1.00> <CoreInst = "Adder">   --->   Core 1 'Adder' <Latency = 0> <II = 1> <Delay = 1.00> <FuncUnit> <Opcode : 'add' 'sub'> <InPorts = 2> <OutPorts = 1>
ST_1 : Operation 98 [1/1] (0.42ns)   --->   "%store_ln68 = store i31 %add_ln68, i31 %i" [src/vadd.cpp:68]   --->   Operation 98 'store' 'store_ln68' <Predicate = (icmp_ln68_1)> <Delay = 0.42>
ST_1 : Operation 99 [1/1] (0.00ns)   --->   "%br_ln68 = br void %for.inc.i" [src/vadd.cpp:68]   --->   Operation 99 'br' 'br_ln68' <Predicate = (icmp_ln68_1)> <Delay = 0.00>

State 2 <SV = 1> <Delay = 4.86>
ST_2 : Operation 100 [1/1] (0.00ns)   --->   "%trunc_ln68_1 = partselect i62 @_ssdm_op_PartSelect.i62.i64.i32.i32, i64 %in_read, i32 2, i32 63" [src/vadd.cpp:68]   --->   Operation 100 'partselect' 'trunc_ln68_1' <Predicate = true> <Delay = 0.00>
ST_2 : Operation 101 [1/1] (0.00ns)   --->   "%sext_ln68 = sext i62 %trunc_ln68_1" [src/vadd.cpp:68]   --->   Operation 101 'sext' 'sext_ln68' <Predicate = true> <Delay = 0.00>
ST_2 : Operation 102 [1/1] (0.00ns)   --->   "%gmem1_addr = getelementptr i32 %gmem1, i64 %sext_ln68" [src/vadd.cpp:68]   --->   Operation 102 'getelementptr' 'gmem1_addr' <Predicate = true> <Delay = 0.00>
ST_2 : Operation 103 [71/71] (4.86ns)   --->   "%empty_33 = readreq i1 @_ssdm_op_ReadReq.m_axi.p1i32, i32 %gmem1_addr, i64 %zext_ln68" [src/vadd.cpp:68]   --->   Operation 103 'readreq' 'empty_33' <Predicate = (first_iter_0)> <Delay = 4.86> <CoreInst = "m_axi">   --->   Core 119 'm_axi' <Latency = 0> <II = 1> <Delay = 1.00> <Adapter> <Opcode : 'read' 'write' 'readreq' 'writereq' 'writeresp'>

State 3 <SV = 2> <Delay = 4.86>
ST_3 : Operation 104 [70/71] (4.86ns)   --->   "%empty_33 = readreq i1 @_ssdm_op_ReadReq.m_axi.p1i32, i32 %gmem1_addr, i64 %zext_ln68" [src/vadd.cpp:68]   --->   Operation 104 'readreq' 'empty_33' <Predicate = (first_iter_0)> <Delay = 4.86> <CoreInst = "m_axi">   --->   Core 119 'm_axi' <Latency = 0> <II = 1> <Delay = 1.00> <Adapter> <Opcode : 'read' 'write' 'readreq' 'writereq' 'writeresp'>

State 4 <SV = 3> <Delay = 4.86>
ST_4 : Operation 105 [69/71] (4.86ns)   --->   "%empty_33 = readreq i1 @_ssdm_op_ReadReq.m_axi.p1i32, i32 %gmem1_addr, i64 %zext_ln68" [src/vadd.cpp:68]   --->   Operation 105 'readreq' 'empty_33' <Predicate = (first_iter_0)> <Delay = 4.86> <CoreInst = "m_axi">   --->   Core 119 'm_axi' <Latency = 0> <II = 1> <Delay = 1.00> <Adapter> <Opcode : 'read' 'write' 'readreq' 'writereq' 'writeresp'>

State 5 <SV = 4> <Delay = 4.86>
ST_5 : Operation 106 [68/71] (4.86ns)   --->   "%empty_33 = readreq i1 @_ssdm_op_ReadReq.m_axi.p1i32, i32 %gmem1_addr, i64 %zext_ln68" [src/vadd.cpp:68]   --->   Operation 106 'readreq' 'empty_33' <Predicate = (first_iter_0)> <Delay = 4.86> <CoreInst = "m_axi">   --->   Core 119 'm_axi' <Latency = 0> <II = 1> <Delay = 1.00> <Adapter> <Opcode : 'read' 'write' 'readreq' 'writereq' 'writeresp'>

State 6 <SV = 5> <Delay = 4.86>
ST_6 : Operation 107 [67/71] (4.86ns)   --->   "%empty_33 = readreq i1 @_ssdm_op_ReadReq.m_axi.p1i32, i32 %gmem1_addr, i64 %zext_ln68" [src/vadd.cpp:68]   --->   Operation 107 'readreq' 'empty_33' <Predicate = (first_iter_0)> <Delay = 4.86> <CoreInst = "m_axi">   --->   Core 119 'm_axi' <Latency = 0> <II = 1> <Delay = 1.00> <Adapter> <Opcode : 'read' 'write' 'readreq' 'writereq' 'writeresp'>

State 7 <SV = 6> <Delay = 4.86>
ST_7 : Operation 108 [66/71] (4.86ns)   --->   "%empty_33 = readreq i1 @_ssdm_op_ReadReq.m_axi.p1i32, i32 %gmem1_addr, i64 %zext_ln68" [src/vadd.cpp:68]   --->   Operation 108 'readreq' 'empty_33' <Predicate = (first_iter_0)> <Delay = 4.86> <CoreInst = "m_axi">   --->   Core 119 'm_axi' <Latency = 0> <II = 1> <Delay = 1.00> <Adapter> <Opcode : 'read' 'write' 'readreq' 'writereq' 'writeresp'>

State 8 <SV = 7> <Delay = 4.86>
ST_8 : Operation 109 [65/71] (4.86ns)   --->   "%empty_33 = readreq i1 @_ssdm_op_ReadReq.m_axi.p1i32, i32 %gmem1_addr, i64 %zext_ln68" [src/vadd.cpp:68]   --->   Operation 109 'readreq' 'empty_33' <Predicate = (first_iter_0)> <Delay = 4.86> <CoreInst = "m_axi">   --->   Core 119 'm_axi' <Latency = 0> <II = 1> <Delay = 1.00> <Adapter> <Opcode : 'read' 'write' 'readreq' 'writereq' 'writeresp'>

State 9 <SV = 8> <Delay = 4.86>
ST_9 : Operation 110 [64/71] (4.86ns)   --->   "%empty_33 = readreq i1 @_ssdm_op_ReadReq.m_axi.p1i32, i32 %gmem1_addr, i64 %zext_ln68" [src/vadd.cpp:68]   --->   Operation 110 'readreq' 'empty_33' <Predicate = (first_iter_0)> <Delay = 4.86> <CoreInst = "m_axi">   --->   Core 119 'm_axi' <Latency = 0> <II = 1> <Delay = 1.00> <Adapter> <Opcode : 'read' 'write' 'readreq' 'writereq' 'writeresp'>

State 10 <SV = 9> <Delay = 4.86>
ST_10 : Operation 111 [63/71] (4.86ns)   --->   "%empty_33 = readreq i1 @_ssdm_op_ReadReq.m_axi.p1i32, i32 %gmem1_addr, i64 %zext_ln68" [src/vadd.cpp:68]   --->   Operation 111 'readreq' 'empty_33' <Predicate = (first_iter_0)> <Delay = 4.86> <CoreInst = "m_axi">   --->   Core 119 'm_axi' <Latency = 0> <II = 1> <Delay = 1.00> <Adapter> <Opcode : 'read' 'write' 'readreq' 'writereq' 'writeresp'>

State 11 <SV = 10> <Delay = 4.86>
ST_11 : Operation 112 [62/71] (4.86ns)   --->   "%empty_33 = readreq i1 @_ssdm_op_ReadReq.m_axi.p1i32, i32 %gmem1_addr, i64 %zext_ln68" [src/vadd.cpp:68]   --->   Operation 112 'readreq' 'empty_33' <Predicate = (first_iter_0)> <Delay = 4.86> <CoreInst = "m_axi">   --->   Core 119 'm_axi' <Latency = 0> <II = 1> <Delay = 1.00> <Adapter> <Opcode : 'read' 'write' 'readreq' 'writereq' 'writeresp'>

State 12 <SV = 11> <Delay = 4.86>
ST_12 : Operation 113 [61/71] (4.86ns)   --->   "%empty_33 = readreq i1 @_ssdm_op_ReadReq.m_axi.p1i32, i32 %gmem1_addr, i64 %zext_ln68" [src/vadd.cpp:68]   --->   Operation 113 'readreq' 'empty_33' <Predicate = (first_iter_0)> <Delay = 4.86> <CoreInst = "m_axi">   --->   Core 119 'm_axi' <Latency = 0> <II = 1> <Delay = 1.00> <Adapter> <Opcode : 'read' 'write' 'readreq' 'writereq' 'writeresp'>

State 13 <SV = 12> <Delay = 4.86>
ST_13 : Operation 114 [60/71] (4.86ns)   --->   "%empty_33 = readreq i1 @_ssdm_op_ReadReq.m_axi.p1i32, i32 %gmem1_addr, i64 %zext_ln68" [src/vadd.cpp:68]   --->   Operation 114 'readreq' 'empty_33' <Predicate = (first_iter_0)> <Delay = 4.86> <CoreInst = "m_axi">   --->   Core 119 'm_axi' <Latency = 0> <II = 1> <Delay = 1.00> <Adapter> <Opcode : 'read' 'write' 'readreq' 'writereq' 'writeresp'>

State 14 <SV = 13> <Delay = 4.86>
ST_14 : Operation 115 [59/71] (4.86ns)   --->   "%empty_33 = readreq i1 @_ssdm_op_ReadReq.m_axi.p1i32, i32 %gmem1_addr, i64 %zext_ln68" [src/vadd.cpp:68]   --->   Operation 115 'readreq' 'empty_33' <Predicate = (first_iter_0)> <Delay = 4.86> <CoreInst = "m_axi">   --->   Core 119 'm_axi' <Latency = 0> <II = 1> <Delay = 1.00> <Adapter> <Opcode : 'read' 'write' 'readreq' 'writereq' 'writeresp'>

State 15 <SV = 14> <Delay = 4.86>
ST_15 : Operation 116 [58/71] (4.86ns)   --->   "%empty_33 = readreq i1 @_ssdm_op_ReadReq.m_axi.p1i32, i32 %gmem1_addr, i64 %zext_ln68" [src/vadd.cpp:68]   --->   Operation 116 'readreq' 'empty_33' <Predicate = (first_iter_0)> <Delay = 4.86> <CoreInst = "m_axi">   --->   Core 119 'm_axi' <Latency = 0> <II = 1> <Delay = 1.00> <Adapter> <Opcode : 'read' 'write' 'readreq' 'writereq' 'writeresp'>

State 16 <SV = 15> <Delay = 4.86>
ST_16 : Operation 117 [57/71] (4.86ns)   --->   "%empty_33 = readreq i1 @_ssdm_op_ReadReq.m_axi.p1i32, i32 %gmem1_addr, i64 %zext_ln68" [src/vadd.cpp:68]   --->   Operation 117 'readreq' 'empty_33' <Predicate = (first_iter_0)> <Delay = 4.86> <CoreInst = "m_axi">   --->   Core 119 'm_axi' <Latency = 0> <II = 1> <Delay = 1.00> <Adapter> <Opcode : 'read' 'write' 'readreq' 'writereq' 'writeresp'>

State 17 <SV = 16> <Delay = 4.86>
ST_17 : Operation 118 [56/71] (4.86ns)   --->   "%empty_33 = readreq i1 @_ssdm_op_ReadReq.m_axi.p1i32, i32 %gmem1_addr, i64 %zext_ln68" [src/vadd.cpp:68]   --->   Operation 118 'readreq' 'empty_33' <Predicate = (first_iter_0)> <Delay = 4.86> <CoreInst = "m_axi">   --->   Core 119 'm_axi' <Latency = 0> <II = 1> <Delay = 1.00> <Adapter> <Opcode : 'read' 'write' 'readreq' 'writereq' 'writeresp'>

State 18 <SV = 17> <Delay = 4.86>
ST_18 : Operation 119 [55/71] (4.86ns)   --->   "%empty_33 = readreq i1 @_ssdm_op_ReadReq.m_axi.p1i32, i32 %gmem1_addr, i64 %zext_ln68" [src/vadd.cpp:68]   --->   Operation 119 'readreq' 'empty_33' <Predicate = (first_iter_0)> <Delay = 4.86> <CoreInst = "m_axi">   --->   Core 119 'm_axi' <Latency = 0> <II = 1> <Delay = 1.00> <Adapter> <Opcode : 'read' 'write' 'readreq' 'writereq' 'writeresp'>

State 19 <SV = 18> <Delay = 4.86>
ST_19 : Operation 120 [54/71] (4.86ns)   --->   "%empty_33 = readreq i1 @_ssdm_op_ReadReq.m_axi.p1i32, i32 %gmem1_addr, i64 %zext_ln68" [src/vadd.cpp:68]   --->   Operation 120 'readreq' 'empty_33' <Predicate = (first_iter_0)> <Delay = 4.86> <CoreInst = "m_axi">   --->   Core 119 'm_axi' <Latency = 0> <II = 1> <Delay = 1.00> <Adapter> <Opcode : 'read' 'write' 'readreq' 'writereq' 'writeresp'>

State 20 <SV = 19> <Delay = 4.86>
ST_20 : Operation 121 [53/71] (4.86ns)   --->   "%empty_33 = readreq i1 @_ssdm_op_ReadReq.m_axi.p1i32, i32 %gmem1_addr, i64 %zext_ln68" [src/vadd.cpp:68]   --->   Operation 121 'readreq' 'empty_33' <Predicate = (first_iter_0)> <Delay = 4.86> <CoreInst = "m_axi">   --->   Core 119 'm_axi' <Latency = 0> <II = 1> <Delay = 1.00> <Adapter> <Opcode : 'read' 'write' 'readreq' 'writereq' 'writeresp'>

State 21 <SV = 20> <Delay = 4.86>
ST_21 : Operation 122 [52/71] (4.86ns)   --->   "%empty_33 = readreq i1 @_ssdm_op_ReadReq.m_axi.p1i32, i32 %gmem1_addr, i64 %zext_ln68" [src/vadd.cpp:68]   --->   Operation 122 'readreq' 'empty_33' <Predicate = (first_iter_0)> <Delay = 4.86> <CoreInst = "m_axi">   --->   Core 119 'm_axi' <Latency = 0> <II = 1> <Delay = 1.00> <Adapter> <Opcode : 'read' 'write' 'readreq' 'writereq' 'writeresp'>

State 22 <SV = 21> <Delay = 4.86>
ST_22 : Operation 123 [51/71] (4.86ns)   --->   "%empty_33 = readreq i1 @_ssdm_op_ReadReq.m_axi.p1i32, i32 %gmem1_addr, i64 %zext_ln68" [src/vadd.cpp:68]   --->   Operation 123 'readreq' 'empty_33' <Predicate = (first_iter_0)> <Delay = 4.86> <CoreInst = "m_axi">   --->   Core 119 'm_axi' <Latency = 0> <II = 1> <Delay = 1.00> <Adapter> <Opcode : 'read' 'write' 'readreq' 'writereq' 'writeresp'>

State 23 <SV = 22> <Delay = 4.86>
ST_23 : Operation 124 [50/71] (4.86ns)   --->   "%empty_33 = readreq i1 @_ssdm_op_ReadReq.m_axi.p1i32, i32 %gmem1_addr, i64 %zext_ln68" [src/vadd.cpp:68]   --->   Operation 124 'readreq' 'empty_33' <Predicate = (first_iter_0)> <Delay = 4.86> <CoreInst = "m_axi">   --->   Core 119 'm_axi' <Latency = 0> <II = 1> <Delay = 1.00> <Adapter> <Opcode : 'read' 'write' 'readreq' 'writereq' 'writeresp'>

State 24 <SV = 23> <Delay = 4.86>
ST_24 : Operation 125 [49/71] (4.86ns)   --->   "%empty_33 = readreq i1 @_ssdm_op_ReadReq.m_axi.p1i32, i32 %gmem1_addr, i64 %zext_ln68" [src/vadd.cpp:68]   --->   Operation 125 'readreq' 'empty_33' <Predicate = (first_iter_0)> <Delay = 4.86> <CoreInst = "m_axi">   --->   Core 119 'm_axi' <Latency = 0> <II = 1> <Delay = 1.00> <Adapter> <Opcode : 'read' 'write' 'readreq' 'writereq' 'writeresp'>

State 25 <SV = 24> <Delay = 4.86>
ST_25 : Operation 126 [48/71] (4.86ns)   --->   "%empty_33 = readreq i1 @_ssdm_op_ReadReq.m_axi.p1i32, i32 %gmem1_addr, i64 %zext_ln68" [src/vadd.cpp:68]   --->   Operation 126 'readreq' 'empty_33' <Predicate = (first_iter_0)> <Delay = 4.86> <CoreInst = "m_axi">   --->   Core 119 'm_axi' <Latency = 0> <II = 1> <Delay = 1.00> <Adapter> <Opcode : 'read' 'write' 'readreq' 'writereq' 'writeresp'>

State 26 <SV = 25> <Delay = 4.86>
ST_26 : Operation 127 [47/71] (4.86ns)   --->   "%empty_33 = readreq i1 @_ssdm_op_ReadReq.m_axi.p1i32, i32 %gmem1_addr, i64 %zext_ln68" [src/vadd.cpp:68]   --->   Operation 127 'readreq' 'empty_33' <Predicate = (first_iter_0)> <Delay = 4.86> <CoreInst = "m_axi">   --->   Core 119 'm_axi' <Latency = 0> <II = 1> <Delay = 1.00> <Adapter> <Opcode : 'read' 'write' 'readreq' 'writereq' 'writeresp'>

State 27 <SV = 26> <Delay = 4.86>
ST_27 : Operation 128 [46/71] (4.86ns)   --->   "%empty_33 = readreq i1 @_ssdm_op_ReadReq.m_axi.p1i32, i32 %gmem1_addr, i64 %zext_ln68" [src/vadd.cpp:68]   --->   Operation 128 'readreq' 'empty_33' <Predicate = (first_iter_0)> <Delay = 4.86> <CoreInst = "m_axi">   --->   Core 119 'm_axi' <Latency = 0> <II = 1> <Delay = 1.00> <Adapter> <Opcode : 'read' 'write' 'readreq' 'writereq' 'writeresp'>

State 28 <SV = 27> <Delay = 4.86>
ST_28 : Operation 129 [45/71] (4.86ns)   --->   "%empty_33 = readreq i1 @_ssdm_op_ReadReq.m_axi.p1i32, i32 %gmem1_addr, i64 %zext_ln68" [src/vadd.cpp:68]   --->   Operation 129 'readreq' 'empty_33' <Predicate = (first_iter_0)> <Delay = 4.86> <CoreInst = "m_axi">   --->   Core 119 'm_axi' <Latency = 0> <II = 1> <Delay = 1.00> <Adapter> <Opcode : 'read' 'write' 'readreq' 'writereq' 'writeresp'>

State 29 <SV = 28> <Delay = 4.86>
ST_29 : Operation 130 [44/71] (4.86ns)   --->   "%empty_33 = readreq i1 @_ssdm_op_ReadReq.m_axi.p1i32, i32 %gmem1_addr, i64 %zext_ln68" [src/vadd.cpp:68]   --->   Operation 130 'readreq' 'empty_33' <Predicate = (first_iter_0)> <Delay = 4.86> <CoreInst = "m_axi">   --->   Core 119 'm_axi' <Latency = 0> <II = 1> <Delay = 1.00> <Adapter> <Opcode : 'read' 'write' 'readreq' 'writereq' 'writeresp'>

State 30 <SV = 29> <Delay = 4.86>
ST_30 : Operation 131 [43/71] (4.86ns)   --->   "%empty_33 = readreq i1 @_ssdm_op_ReadReq.m_axi.p1i32, i32 %gmem1_addr, i64 %zext_ln68" [src/vadd.cpp:68]   --->   Operation 131 'readreq' 'empty_33' <Predicate = (first_iter_0)> <Delay = 4.86> <CoreInst = "m_axi">   --->   Core 119 'm_axi' <Latency = 0> <II = 1> <Delay = 1.00> <Adapter> <Opcode : 'read' 'write' 'readreq' 'writereq' 'writeresp'>

State 31 <SV = 30> <Delay = 4.86>
ST_31 : Operation 132 [42/71] (4.86ns)   --->   "%empty_33 = readreq i1 @_ssdm_op_ReadReq.m_axi.p1i32, i32 %gmem1_addr, i64 %zext_ln68" [src/vadd.cpp:68]   --->   Operation 132 'readreq' 'empty_33' <Predicate = (first_iter_0)> <Delay = 4.86> <CoreInst = "m_axi">   --->   Core 119 'm_axi' <Latency = 0> <II = 1> <Delay = 1.00> <Adapter> <Opcode : 'read' 'write' 'readreq' 'writereq' 'writeresp'>

State 32 <SV = 31> <Delay = 4.86>
ST_32 : Operation 133 [41/71] (4.86ns)   --->   "%empty_33 = readreq i1 @_ssdm_op_ReadReq.m_axi.p1i32, i32 %gmem1_addr, i64 %zext_ln68" [src/vadd.cpp:68]   --->   Operation 133 'readreq' 'empty_33' <Predicate = (first_iter_0)> <Delay = 4.86> <CoreInst = "m_axi">   --->   Core 119 'm_axi' <Latency = 0> <II = 1> <Delay = 1.00> <Adapter> <Opcode : 'read' 'write' 'readreq' 'writereq' 'writeresp'>

State 33 <SV = 32> <Delay = 4.86>
ST_33 : Operation 134 [40/71] (4.86ns)   --->   "%empty_33 = readreq i1 @_ssdm_op_ReadReq.m_axi.p1i32, i32 %gmem1_addr, i64 %zext_ln68" [src/vadd.cpp:68]   --->   Operation 134 'readreq' 'empty_33' <Predicate = (first_iter_0)> <Delay = 4.86> <CoreInst = "m_axi">   --->   Core 119 'm_axi' <Latency = 0> <II = 1> <Delay = 1.00> <Adapter> <Opcode : 'read' 'write' 'readreq' 'writereq' 'writeresp'>

State 34 <SV = 33> <Delay = 4.86>
ST_34 : Operation 135 [39/71] (4.86ns)   --->   "%empty_33 = readreq i1 @_ssdm_op_ReadReq.m_axi.p1i32, i32 %gmem1_addr, i64 %zext_ln68" [src/vadd.cpp:68]   --->   Operation 135 'readreq' 'empty_33' <Predicate = (first_iter_0)> <Delay = 4.86> <CoreInst = "m_axi">   --->   Core 119 'm_axi' <Latency = 0> <II = 1> <Delay = 1.00> <Adapter> <Opcode : 'read' 'write' 'readreq' 'writereq' 'writeresp'>

State 35 <SV = 34> <Delay = 4.86>
ST_35 : Operation 136 [38/71] (4.86ns)   --->   "%empty_33 = readreq i1 @_ssdm_op_ReadReq.m_axi.p1i32, i32 %gmem1_addr, i64 %zext_ln68" [src/vadd.cpp:68]   --->   Operation 136 'readreq' 'empty_33' <Predicate = (first_iter_0)> <Delay = 4.86> <CoreInst = "m_axi">   --->   Core 119 'm_axi' <Latency = 0> <II = 1> <Delay = 1.00> <Adapter> <Opcode : 'read' 'write' 'readreq' 'writereq' 'writeresp'>

State 36 <SV = 35> <Delay = 4.86>
ST_36 : Operation 137 [37/71] (4.86ns)   --->   "%empty_33 = readreq i1 @_ssdm_op_ReadReq.m_axi.p1i32, i32 %gmem1_addr, i64 %zext_ln68" [src/vadd.cpp:68]   --->   Operation 137 'readreq' 'empty_33' <Predicate = (first_iter_0)> <Delay = 4.86> <CoreInst = "m_axi">   --->   Core 119 'm_axi' <Latency = 0> <II = 1> <Delay = 1.00> <Adapter> <Opcode : 'read' 'write' 'readreq' 'writereq' 'writeresp'>

State 37 <SV = 36> <Delay = 4.86>
ST_37 : Operation 138 [36/71] (4.86ns)   --->   "%empty_33 = readreq i1 @_ssdm_op_ReadReq.m_axi.p1i32, i32 %gmem1_addr, i64 %zext_ln68" [src/vadd.cpp:68]   --->   Operation 138 'readreq' 'empty_33' <Predicate = (first_iter_0)> <Delay = 4.86> <CoreInst = "m_axi">   --->   Core 119 'm_axi' <Latency = 0> <II = 1> <Delay = 1.00> <Adapter> <Opcode : 'read' 'write' 'readreq' 'writereq' 'writeresp'>

State 38 <SV = 37> <Delay = 4.86>
ST_38 : Operation 139 [35/71] (4.86ns)   --->   "%empty_33 = readreq i1 @_ssdm_op_ReadReq.m_axi.p1i32, i32 %gmem1_addr, i64 %zext_ln68" [src/vadd.cpp:68]   --->   Operation 139 'readreq' 'empty_33' <Predicate = (first_iter_0)> <Delay = 4.86> <CoreInst = "m_axi">   --->   Core 119 'm_axi' <Latency = 0> <II = 1> <Delay = 1.00> <Adapter> <Opcode : 'read' 'write' 'readreq' 'writereq' 'writeresp'>

State 39 <SV = 38> <Delay = 4.86>
ST_39 : Operation 140 [34/71] (4.86ns)   --->   "%empty_33 = readreq i1 @_ssdm_op_ReadReq.m_axi.p1i32, i32 %gmem1_addr, i64 %zext_ln68" [src/vadd.cpp:68]   --->   Operation 140 'readreq' 'empty_33' <Predicate = (first_iter_0)> <Delay = 4.86> <CoreInst = "m_axi">   --->   Core 119 'm_axi' <Latency = 0> <II = 1> <Delay = 1.00> <Adapter> <Opcode : 'read' 'write' 'readreq' 'writereq' 'writeresp'>

State 40 <SV = 39> <Delay = 4.86>
ST_40 : Operation 141 [33/71] (4.86ns)   --->   "%empty_33 = readreq i1 @_ssdm_op_ReadReq.m_axi.p1i32, i32 %gmem1_addr, i64 %zext_ln68" [src/vadd.cpp:68]   --->   Operation 141 'readreq' 'empty_33' <Predicate = (first_iter_0)> <Delay = 4.86> <CoreInst = "m_axi">   --->   Core 119 'm_axi' <Latency = 0> <II = 1> <Delay = 1.00> <Adapter> <Opcode : 'read' 'write' 'readreq' 'writereq' 'writeresp'>

State 41 <SV = 40> <Delay = 4.86>
ST_41 : Operation 142 [32/71] (4.86ns)   --->   "%empty_33 = readreq i1 @_ssdm_op_ReadReq.m_axi.p1i32, i32 %gmem1_addr, i64 %zext_ln68" [src/vadd.cpp:68]   --->   Operation 142 'readreq' 'empty_33' <Predicate = (first_iter_0)> <Delay = 4.86> <CoreInst = "m_axi">   --->   Core 119 'm_axi' <Latency = 0> <II = 1> <Delay = 1.00> <Adapter> <Opcode : 'read' 'write' 'readreq' 'writereq' 'writeresp'>

State 42 <SV = 41> <Delay = 4.86>
ST_42 : Operation 143 [31/71] (4.86ns)   --->   "%empty_33 = readreq i1 @_ssdm_op_ReadReq.m_axi.p1i32, i32 %gmem1_addr, i64 %zext_ln68" [src/vadd.cpp:68]   --->   Operation 143 'readreq' 'empty_33' <Predicate = (first_iter_0)> <Delay = 4.86> <CoreInst = "m_axi">   --->   Core 119 'm_axi' <Latency = 0> <II = 1> <Delay = 1.00> <Adapter> <Opcode : 'read' 'write' 'readreq' 'writereq' 'writeresp'>

State 43 <SV = 42> <Delay = 4.86>
ST_43 : Operation 144 [30/71] (4.86ns)   --->   "%empty_33 = readreq i1 @_ssdm_op_ReadReq.m_axi.p1i32, i32 %gmem1_addr, i64 %zext_ln68" [src/vadd.cpp:68]   --->   Operation 144 'readreq' 'empty_33' <Predicate = (first_iter_0)> <Delay = 4.86> <CoreInst = "m_axi">   --->   Core 119 'm_axi' <Latency = 0> <II = 1> <Delay = 1.00> <Adapter> <Opcode : 'read' 'write' 'readreq' 'writereq' 'writeresp'>

State 44 <SV = 43> <Delay = 4.86>
ST_44 : Operation 145 [29/71] (4.86ns)   --->   "%empty_33 = readreq i1 @_ssdm_op_ReadReq.m_axi.p1i32, i32 %gmem1_addr, i64 %zext_ln68" [src/vadd.cpp:68]   --->   Operation 145 'readreq' 'empty_33' <Predicate = (first_iter_0)> <Delay = 4.86> <CoreInst = "m_axi">   --->   Core 119 'm_axi' <Latency = 0> <II = 1> <Delay = 1.00> <Adapter> <Opcode : 'read' 'write' 'readreq' 'writereq' 'writeresp'>

State 45 <SV = 44> <Delay = 4.86>
ST_45 : Operation 146 [28/71] (4.86ns)   --->   "%empty_33 = readreq i1 @_ssdm_op_ReadReq.m_axi.p1i32, i32 %gmem1_addr, i64 %zext_ln68" [src/vadd.cpp:68]   --->   Operation 146 'readreq' 'empty_33' <Predicate = (first_iter_0)> <Delay = 4.86> <CoreInst = "m_axi">   --->   Core 119 'm_axi' <Latency = 0> <II = 1> <Delay = 1.00> <Adapter> <Opcode : 'read' 'write' 'readreq' 'writereq' 'writeresp'>

State 46 <SV = 45> <Delay = 4.86>
ST_46 : Operation 147 [27/71] (4.86ns)   --->   "%empty_33 = readreq i1 @_ssdm_op_ReadReq.m_axi.p1i32, i32 %gmem1_addr, i64 %zext_ln68" [src/vadd.cpp:68]   --->   Operation 147 'readreq' 'empty_33' <Predicate = (first_iter_0)> <Delay = 4.86> <CoreInst = "m_axi">   --->   Core 119 'm_axi' <Latency = 0> <II = 1> <Delay = 1.00> <Adapter> <Opcode : 'read' 'write' 'readreq' 'writereq' 'writeresp'>

State 47 <SV = 46> <Delay = 4.86>
ST_47 : Operation 148 [26/71] (4.86ns)   --->   "%empty_33 = readreq i1 @_ssdm_op_ReadReq.m_axi.p1i32, i32 %gmem1_addr, i64 %zext_ln68" [src/vadd.cpp:68]   --->   Operation 148 'readreq' 'empty_33' <Predicate = (first_iter_0)> <Delay = 4.86> <CoreInst = "m_axi">   --->   Core 119 'm_axi' <Latency = 0> <II = 1> <Delay = 1.00> <Adapter> <Opcode : 'read' 'write' 'readreq' 'writereq' 'writeresp'>

State 48 <SV = 47> <Delay = 4.86>
ST_48 : Operation 149 [25/71] (4.86ns)   --->   "%empty_33 = readreq i1 @_ssdm_op_ReadReq.m_axi.p1i32, i32 %gmem1_addr, i64 %zext_ln68" [src/vadd.cpp:68]   --->   Operation 149 'readreq' 'empty_33' <Predicate = (first_iter_0)> <Delay = 4.86> <CoreInst = "m_axi">   --->   Core 119 'm_axi' <Latency = 0> <II = 1> <Delay = 1.00> <Adapter> <Opcode : 'read' 'write' 'readreq' 'writereq' 'writeresp'>

State 49 <SV = 48> <Delay = 4.86>
ST_49 : Operation 150 [24/71] (4.86ns)   --->   "%empty_33 = readreq i1 @_ssdm_op_ReadReq.m_axi.p1i32, i32 %gmem1_addr, i64 %zext_ln68" [src/vadd.cpp:68]   --->   Operation 150 'readreq' 'empty_33' <Predicate = (first_iter_0)> <Delay = 4.86> <CoreInst = "m_axi">   --->   Core 119 'm_axi' <Latency = 0> <II = 1> <Delay = 1.00> <Adapter> <Opcode : 'read' 'write' 'readreq' 'writereq' 'writeresp'>

State 50 <SV = 49> <Delay = 4.86>
ST_50 : Operation 151 [23/71] (4.86ns)   --->   "%empty_33 = readreq i1 @_ssdm_op_ReadReq.m_axi.p1i32, i32 %gmem1_addr, i64 %zext_ln68" [src/vadd.cpp:68]   --->   Operation 151 'readreq' 'empty_33' <Predicate = (first_iter_0)> <Delay = 4.86> <CoreInst = "m_axi">   --->   Core 119 'm_axi' <Latency = 0> <II = 1> <Delay = 1.00> <Adapter> <Opcode : 'read' 'write' 'readreq' 'writereq' 'writeresp'>

State 51 <SV = 50> <Delay = 4.86>
ST_51 : Operation 152 [22/71] (4.86ns)   --->   "%empty_33 = readreq i1 @_ssdm_op_ReadReq.m_axi.p1i32, i32 %gmem1_addr, i64 %zext_ln68" [src/vadd.cpp:68]   --->   Operation 152 'readreq' 'empty_33' <Predicate = (first_iter_0)> <Delay = 4.86> <CoreInst = "m_axi">   --->   Core 119 'm_axi' <Latency = 0> <II = 1> <Delay = 1.00> <Adapter> <Opcode : 'read' 'write' 'readreq' 'writereq' 'writeresp'>

State 52 <SV = 51> <Delay = 4.86>
ST_52 : Operation 153 [21/71] (4.86ns)   --->   "%empty_33 = readreq i1 @_ssdm_op_ReadReq.m_axi.p1i32, i32 %gmem1_addr, i64 %zext_ln68" [src/vadd.cpp:68]   --->   Operation 153 'readreq' 'empty_33' <Predicate = (first_iter_0)> <Delay = 4.86> <CoreInst = "m_axi">   --->   Core 119 'm_axi' <Latency = 0> <II = 1> <Delay = 1.00> <Adapter> <Opcode : 'read' 'write' 'readreq' 'writereq' 'writeresp'>

State 53 <SV = 52> <Delay = 4.86>
ST_53 : Operation 154 [20/71] (4.86ns)   --->   "%empty_33 = readreq i1 @_ssdm_op_ReadReq.m_axi.p1i32, i32 %gmem1_addr, i64 %zext_ln68" [src/vadd.cpp:68]   --->   Operation 154 'readreq' 'empty_33' <Predicate = (first_iter_0)> <Delay = 4.86> <CoreInst = "m_axi">   --->   Core 119 'm_axi' <Latency = 0> <II = 1> <Delay = 1.00> <Adapter> <Opcode : 'read' 'write' 'readreq' 'writereq' 'writeresp'>

State 54 <SV = 53> <Delay = 4.86>
ST_54 : Operation 155 [19/71] (4.86ns)   --->   "%empty_33 = readreq i1 @_ssdm_op_ReadReq.m_axi.p1i32, i32 %gmem1_addr, i64 %zext_ln68" [src/vadd.cpp:68]   --->   Operation 155 'readreq' 'empty_33' <Predicate = (first_iter_0)> <Delay = 4.86> <CoreInst = "m_axi">   --->   Core 119 'm_axi' <Latency = 0> <II = 1> <Delay = 1.00> <Adapter> <Opcode : 'read' 'write' 'readreq' 'writereq' 'writeresp'>

State 55 <SV = 54> <Delay = 4.86>
ST_55 : Operation 156 [18/71] (4.86ns)   --->   "%empty_33 = readreq i1 @_ssdm_op_ReadReq.m_axi.p1i32, i32 %gmem1_addr, i64 %zext_ln68" [src/vadd.cpp:68]   --->   Operation 156 'readreq' 'empty_33' <Predicate = (first_iter_0)> <Delay = 4.86> <CoreInst = "m_axi">   --->   Core 119 'm_axi' <Latency = 0> <II = 1> <Delay = 1.00> <Adapter> <Opcode : 'read' 'write' 'readreq' 'writereq' 'writeresp'>

State 56 <SV = 55> <Delay = 4.86>
ST_56 : Operation 157 [17/71] (4.86ns)   --->   "%empty_33 = readreq i1 @_ssdm_op_ReadReq.m_axi.p1i32, i32 %gmem1_addr, i64 %zext_ln68" [src/vadd.cpp:68]   --->   Operation 157 'readreq' 'empty_33' <Predicate = (first_iter_0)> <Delay = 4.86> <CoreInst = "m_axi">   --->   Core 119 'm_axi' <Latency = 0> <II = 1> <Delay = 1.00> <Adapter> <Opcode : 'read' 'write' 'readreq' 'writereq' 'writeresp'>

State 57 <SV = 56> <Delay = 4.86>
ST_57 : Operation 158 [16/71] (4.86ns)   --->   "%empty_33 = readreq i1 @_ssdm_op_ReadReq.m_axi.p1i32, i32 %gmem1_addr, i64 %zext_ln68" [src/vadd.cpp:68]   --->   Operation 158 'readreq' 'empty_33' <Predicate = (first_iter_0)> <Delay = 4.86> <CoreInst = "m_axi">   --->   Core 119 'm_axi' <Latency = 0> <II = 1> <Delay = 1.00> <Adapter> <Opcode : 'read' 'write' 'readreq' 'writereq' 'writeresp'>

State 58 <SV = 57> <Delay = 4.86>
ST_58 : Operation 159 [15/71] (4.86ns)   --->   "%empty_33 = readreq i1 @_ssdm_op_ReadReq.m_axi.p1i32, i32 %gmem1_addr, i64 %zext_ln68" [src/vadd.cpp:68]   --->   Operation 159 'readreq' 'empty_33' <Predicate = (first_iter_0)> <Delay = 4.86> <CoreInst = "m_axi">   --->   Core 119 'm_axi' <Latency = 0> <II = 1> <Delay = 1.00> <Adapter> <Opcode : 'read' 'write' 'readreq' 'writereq' 'writeresp'>

State 59 <SV = 58> <Delay = 4.86>
ST_59 : Operation 160 [14/71] (4.86ns)   --->   "%empty_33 = readreq i1 @_ssdm_op_ReadReq.m_axi.p1i32, i32 %gmem1_addr, i64 %zext_ln68" [src/vadd.cpp:68]   --->   Operation 160 'readreq' 'empty_33' <Predicate = (first_iter_0)> <Delay = 4.86> <CoreInst = "m_axi">   --->   Core 119 'm_axi' <Latency = 0> <II = 1> <Delay = 1.00> <Adapter> <Opcode : 'read' 'write' 'readreq' 'writereq' 'writeresp'>

State 60 <SV = 59> <Delay = 4.86>
ST_60 : Operation 161 [13/71] (4.86ns)   --->   "%empty_33 = readreq i1 @_ssdm_op_ReadReq.m_axi.p1i32, i32 %gmem1_addr, i64 %zext_ln68" [src/vadd.cpp:68]   --->   Operation 161 'readreq' 'empty_33' <Predicate = (first_iter_0)> <Delay = 4.86> <CoreInst = "m_axi">   --->   Core 119 'm_axi' <Latency = 0> <II = 1> <Delay = 1.00> <Adapter> <Opcode : 'read' 'write' 'readreq' 'writereq' 'writeresp'>

State 61 <SV = 60> <Delay = 4.86>
ST_61 : Operation 162 [12/71] (4.86ns)   --->   "%empty_33 = readreq i1 @_ssdm_op_ReadReq.m_axi.p1i32, i32 %gmem1_addr, i64 %zext_ln68" [src/vadd.cpp:68]   --->   Operation 162 'readreq' 'empty_33' <Predicate = (first_iter_0)> <Delay = 4.86> <CoreInst = "m_axi">   --->   Core 119 'm_axi' <Latency = 0> <II = 1> <Delay = 1.00> <Adapter> <Opcode : 'read' 'write' 'readreq' 'writereq' 'writeresp'>

State 62 <SV = 61> <Delay = 4.86>
ST_62 : Operation 163 [11/71] (4.86ns)   --->   "%empty_33 = readreq i1 @_ssdm_op_ReadReq.m_axi.p1i32, i32 %gmem1_addr, i64 %zext_ln68" [src/vadd.cpp:68]   --->   Operation 163 'readreq' 'empty_33' <Predicate = (first_iter_0)> <Delay = 4.86> <CoreInst = "m_axi">   --->   Core 119 'm_axi' <Latency = 0> <II = 1> <Delay = 1.00> <Adapter> <Opcode : 'read' 'write' 'readreq' 'writereq' 'writeresp'>

State 63 <SV = 62> <Delay = 4.86>
ST_63 : Operation 164 [10/71] (4.86ns)   --->   "%empty_33 = readreq i1 @_ssdm_op_ReadReq.m_axi.p1i32, i32 %gmem1_addr, i64 %zext_ln68" [src/vadd.cpp:68]   --->   Operation 164 'readreq' 'empty_33' <Predicate = (first_iter_0)> <Delay = 4.86> <CoreInst = "m_axi">   --->   Core 119 'm_axi' <Latency = 0> <II = 1> <Delay = 1.00> <Adapter> <Opcode : 'read' 'write' 'readreq' 'writereq' 'writeresp'>

State 64 <SV = 63> <Delay = 4.86>
ST_64 : Operation 165 [9/71] (4.86ns)   --->   "%empty_33 = readreq i1 @_ssdm_op_ReadReq.m_axi.p1i32, i32 %gmem1_addr, i64 %zext_ln68" [src/vadd.cpp:68]   --->   Operation 165 'readreq' 'empty_33' <Predicate = (first_iter_0)> <Delay = 4.86> <CoreInst = "m_axi">   --->   Core 119 'm_axi' <Latency = 0> <II = 1> <Delay = 1.00> <Adapter> <Opcode : 'read' 'write' 'readreq' 'writereq' 'writeresp'>

State 65 <SV = 64> <Delay = 4.86>
ST_65 : Operation 166 [8/71] (4.86ns)   --->   "%empty_33 = readreq i1 @_ssdm_op_ReadReq.m_axi.p1i32, i32 %gmem1_addr, i64 %zext_ln68" [src/vadd.cpp:68]   --->   Operation 166 'readreq' 'empty_33' <Predicate = (first_iter_0)> <Delay = 4.86> <CoreInst = "m_axi">   --->   Core 119 'm_axi' <Latency = 0> <II = 1> <Delay = 1.00> <Adapter> <Opcode : 'read' 'write' 'readreq' 'writereq' 'writeresp'>

State 66 <SV = 65> <Delay = 4.86>
ST_66 : Operation 167 [7/71] (4.86ns)   --->   "%empty_33 = readreq i1 @_ssdm_op_ReadReq.m_axi.p1i32, i32 %gmem1_addr, i64 %zext_ln68" [src/vadd.cpp:68]   --->   Operation 167 'readreq' 'empty_33' <Predicate = (first_iter_0)> <Delay = 4.86> <CoreInst = "m_axi">   --->   Core 119 'm_axi' <Latency = 0> <II = 1> <Delay = 1.00> <Adapter> <Opcode : 'read' 'write' 'readreq' 'writereq' 'writeresp'>

State 67 <SV = 66> <Delay = 4.86>
ST_67 : Operation 168 [6/71] (4.86ns)   --->   "%empty_33 = readreq i1 @_ssdm_op_ReadReq.m_axi.p1i32, i32 %gmem1_addr, i64 %zext_ln68" [src/vadd.cpp:68]   --->   Operation 168 'readreq' 'empty_33' <Predicate = (first_iter_0)> <Delay = 4.86> <CoreInst = "m_axi">   --->   Core 119 'm_axi' <Latency = 0> <II = 1> <Delay = 1.00> <Adapter> <Opcode : 'read' 'write' 'readreq' 'writereq' 'writeresp'>

State 68 <SV = 67> <Delay = 4.86>
ST_68 : Operation 169 [5/71] (4.86ns)   --->   "%empty_33 = readreq i1 @_ssdm_op_ReadReq.m_axi.p1i32, i32 %gmem1_addr, i64 %zext_ln68" [src/vadd.cpp:68]   --->   Operation 169 'readreq' 'empty_33' <Predicate = (first_iter_0)> <Delay = 4.86> <CoreInst = "m_axi">   --->   Core 119 'm_axi' <Latency = 0> <II = 1> <Delay = 1.00> <Adapter> <Opcode : 'read' 'write' 'readreq' 'writereq' 'writeresp'>

State 69 <SV = 68> <Delay = 4.86>
ST_69 : Operation 170 [4/71] (4.86ns)   --->   "%empty_33 = readreq i1 @_ssdm_op_ReadReq.m_axi.p1i32, i32 %gmem1_addr, i64 %zext_ln68" [src/vadd.cpp:68]   --->   Operation 170 'readreq' 'empty_33' <Predicate = (first_iter_0)> <Delay = 4.86> <CoreInst = "m_axi">   --->   Core 119 'm_axi' <Latency = 0> <II = 1> <Delay = 1.00> <Adapter> <Opcode : 'read' 'write' 'readreq' 'writereq' 'writeresp'>

State 70 <SV = 69> <Delay = 4.86>
ST_70 : Operation 171 [3/71] (4.86ns)   --->   "%empty_33 = readreq i1 @_ssdm_op_ReadReq.m_axi.p1i32, i32 %gmem1_addr, i64 %zext_ln68" [src/vadd.cpp:68]   --->   Operation 171 'readreq' 'empty_33' <Predicate = (first_iter_0)> <Delay = 4.86> <CoreInst = "m_axi">   --->   Core 119 'm_axi' <Latency = 0> <II = 1> <Delay = 1.00> <Adapter> <Opcode : 'read' 'write' 'readreq' 'writereq' 'writeresp'>

State 71 <SV = 70> <Delay = 4.86>
ST_71 : Operation 172 [2/71] (4.86ns)   --->   "%empty_33 = readreq i1 @_ssdm_op_ReadReq.m_axi.p1i32, i32 %gmem1_addr, i64 %zext_ln68" [src/vadd.cpp:68]   --->   Operation 172 'readreq' 'empty_33' <Predicate = (first_iter_0)> <Delay = 4.86> <CoreInst = "m_axi">   --->   Core 119 'm_axi' <Latency = 0> <II = 1> <Delay = 1.00> <Adapter> <Opcode : 'read' 'write' 'readreq' 'writereq' 'writeresp'>

State 72 <SV = 71> <Delay = 4.86>
ST_72 : Operation 173 [1/71] (4.86ns)   --->   "%empty_33 = readreq i1 @_ssdm_op_ReadReq.m_axi.p1i32, i32 %gmem1_addr, i64 %zext_ln68" [src/vadd.cpp:68]   --->   Operation 173 'readreq' 'empty_33' <Predicate = (first_iter_0)> <Delay = 4.86> <CoreInst = "m_axi">   --->   Core 119 'm_axi' <Latency = 0> <II = 1> <Delay = 1.00> <Adapter> <Opcode : 'read' 'write' 'readreq' 'writereq' 'writeresp'>
ST_72 : Operation 174 [1/1] (0.00ns)   --->   "%br_ln68 = br void %for.inc.split.i" [src/vadd.cpp:68]   --->   Operation 174 'br' 'br_ln68' <Predicate = (first_iter_0)> <Delay = 0.00>

State 73 <SV = 72> <Delay = 4.86>
ST_73 : Operation 175 [1/1] (4.86ns)   --->   "%gmem1_addr_read = read i32 @_ssdm_op_Read.m_axi.p1i32, i32 %gmem1_addr" [src/vadd.cpp:70]   --->   Operation 175 'read' 'gmem1_addr_read' <Predicate = (icmp_ln68_1)> <Delay = 4.86> <CoreInst = "m_axi">   --->   Core 119 'm_axi' <Latency = 0> <II = 1> <Delay = 1.00> <Adapter> <Opcode : 'read' 'write' 'readreq' 'writereq' 'writeresp'>
ST_73 : Operation 180 [1/1] (0.42ns)   --->   "%ret_ln0 = ret"   --->   Operation 180 'ret' 'ret_ln0' <Predicate = (!icmp_ln68_1)> <Delay = 0.42>

State 74 <SV = 73> <Delay = 1.83>
ST_74 : Operation 176 [1/1] (0.00ns)   --->   "%specpipeline_ln68 = specpipeline void @_ssdm_op_SpecPipeline, i32 4294967295, i32 0, i32 0, i32 0, void @empty_3" [src/vadd.cpp:68]   --->   Operation 176 'specpipeline' 'specpipeline_ln68' <Predicate = (icmp_ln68_1)> <Delay = 0.00>
ST_74 : Operation 177 [1/1] (0.00ns)   --->   "%speclooptripcount_ln69 = speclooptripcount void @_ssdm_op_SpecLoopTripCount, i64 4096, i64 4096, i64 4096" [src/vadd.cpp:69]   --->   Operation 177 'speclooptripcount' 'speclooptripcount_ln69' <Predicate = (icmp_ln68_1)> <Delay = 0.00>
ST_74 : Operation 178 [1/1] (0.00ns)   --->   "%specloopname_ln68 = specloopname void @_ssdm_op_SpecLoopName, void @empty_12" [src/vadd.cpp:68]   --->   Operation 178 'specloopname' 'specloopname_ln68' <Predicate = (icmp_ln68_1)> <Delay = 0.00>
ST_74 : Operation 179 [1/1] (1.83ns)   --->   "%write_ln70 = write void @_ssdm_op_Write.ap_fifo.volatile.i32P0A, i32 %inStream2, i32 %gmem1_addr_read" [src/vadd.cpp:70]   --->   Operation 179 'write' 'write_ln70' <Predicate = (icmp_ln68_1)> <Delay = 1.83> <CoreInst = "FIFO_SRL">   --->   Core 80 'FIFO_SRL' <Latency = 0> <II = 1> <Delay = 1.83> <Storage> <Opcode : 'read' 'write' 'nbread' 'nbwrite'> <Ports = 0> <Width = 32> <Depth = 2> <FIFO>


============================================================
+ Verbose Summary: Binding
============================================================
STG Binding: 
---------------- STG Properties BEGIN ----------------
- Is combinational: 0
- Is one-state seq: 0
- Is datapath-only: 0
- Is pipelined: 0
- Is top level: 0
Port [ Return ] is wired: 1; IO mode=ap_ctrl_hs:ce=0
Port [ gmem1]:  wired=1; compound=1; hidden=0; nouse=0; global=0; static=0; extern=0; dir=0; type=4; pingpong=0; private_global=0; IO mode=m_axi:ce=0
Port [ in_r]:  wired=1; compound=0; hidden=0; nouse=0; global=0; static=0; extern=0; dir=0; type=0; pingpong=0; private_global=0; IO mode=ap_none:ce=0
Port [ size]:  wired=1; compound=0; hidden=0; nouse=0; global=0; static=0; extern=0; dir=0; type=0; pingpong=0; private_global=0; IO mode=ap_none:ce=0
Port [ inStream2]:  wired=1; compound=1; hidden=0; nouse=0; global=1; static=1; extern=0; dir=1; type=3; pingpong=0; private_global=0; IO mode=ap_fifo:ce=0
---------------- STG Properties END ------------------

---------------- Datapath Model BEGIN ----------------

<LifeTime>
<method=bitvector/>
i                      (alloca           ) [ 010000000000000000000000000000000000000000000000000000000000000000000000000]
specinterface_ln0      (specinterface    ) [ 000000000000000000000000000000000000000000000000000000000000000000000000000]
specinterface_ln0      (specinterface    ) [ 000000000000000000000000000000000000000000000000000000000000000000000000000]
specinterface_ln0      (specinterface    ) [ 000000000000000000000000000000000000000000000000000000000000000000000000000]
specinterface_ln0      (specinterface    ) [ 000000000000000000000000000000000000000000000000000000000000000000000000000]
specinterface_ln0      (specinterface    ) [ 000000000000000000000000000000000000000000000000000000000000000000000000000]
size_read              (read             ) [ 000000000000000000000000000000000000000000000000000000000000000000000000000]
in_read                (read             ) [ 011000000000000000000000000000000000000000000000000000000000000000000000000]
icmp_ln68              (icmp             ) [ 000000000000000000000000000000000000000000000000000000000000000000000000000]
trunc_ln68             (trunc            ) [ 000000000000000000000000000000000000000000000000000000000000000000000000000]
empty                  (select           ) [ 000000000000000000000000000000000000000000000000000000000000000000000000000]
zext_ln68              (zext             ) [ 011111111111111111111111111111111111111111111111111111111111111111111111100]
store_ln0              (store            ) [ 000000000000000000000000000000000000000000000000000000000000000000000000000]
br_ln68                (br               ) [ 000000000000000000000000000000000000000000000000000000000000000000000000000]
first_iter_0           (phi              ) [ 011111111111111111111111111111111111111111111111111111111111111111111111100]
i_load                 (load             ) [ 000000000000000000000000000000000000000000000000000000000000000000000000000]
zext_ln65              (zext             ) [ 000000000000000000000000000000000000000000000000000000000000000000000000000]
icmp_ln68_1            (icmp             ) [ 011111111111111111111111111111111111111111111111111111111111111111111111111]
br_ln68                (br               ) [ 000000000000000000000000000000000000000000000000000000000000000000000000000]
br_ln68                (br               ) [ 000000000000000000000000000000000000000000000000000000000000000000000000000]
add_ln68               (add              ) [ 000000000000000000000000000000000000000000000000000000000000000000000000000]
store_ln68             (store            ) [ 000000000000000000000000000000000000000000000000000000000000000000000000000]
br_ln68                (br               ) [ 010000000000000000000000000000000000000000000000000000000000000000000000000]
trunc_ln68_1           (partselect       ) [ 000000000000000000000000000000000000000000000000000000000000000000000000000]
sext_ln68              (sext             ) [ 000000000000000000000000000000000000000000000000000000000000000000000000000]
gmem1_addr             (getelementptr    ) [ 010111111111111111111111111111111111111111111111111111111111111111111111110]
empty_33               (readreq          ) [ 000000000000000000000000000000000000000000000000000000000000000000000000000]
br_ln68                (br               ) [ 000000000000000000000000000000000000000000000000000000000000000000000000000]
gmem1_addr_read        (read             ) [ 010000000000000000000000000000000000000000000000000000000000000000000000001]
specpipeline_ln68      (specpipeline     ) [ 000000000000000000000000000000000000000000000000000000000000000000000000000]
speclooptripcount_ln69 (speclooptripcount) [ 000000000000000000000000000000000000000000000000000000000000000000000000000]
specloopname_ln68      (specloopname     ) [ 000000000000000000000000000000000000000000000000000000000000000000000000000]
write_ln70             (write            ) [ 000000000000000000000000000000000000000000000000000000000000000000000000000]
ret_ln0                (ret              ) [ 000000000000000000000000000000000000000000000000000000000000000000000000000]
</LifeTime>

<model>

<comp_list>
<comp id="0" class="1000" name="gmem1">
<pin_list>
<pin id="1" dir="1" index="0" bw="1" slack="0"/>
</pin_list>
<bind>
<StgValue><ssdm name="gmem1"/></StgValue>
</bind>
</comp>

<comp id="2" class="1000" name="in_r">
<pin_list>
<pin id="3" dir="1" index="0" bw="1" slack="0"/>
</pin_list>
<bind>
<StgValue><ssdm name="in_r"/></StgValue>
</bind>
</comp>

<comp id="4" class="1000" name="size">
<pin_list>
<pin id="5" dir="1" index="0" bw="1" slack="0"/>
</pin_list>
<bind>
<StgValue><ssdm name="size"/></StgValue>
</bind>
</comp>

<comp id="6" class="1000" name="inStream2">
<pin_list>
<pin id="7" dir="1" index="0" bw="1" slack="0"/>
</pin_list>
<bind>
<StgValue><ssdm name="inStream2"/></StgValue>
</bind>
</comp>

<comp id="8" class="1001" name="const_8">
<pin_list>
<pin id="9" dir="1" index="0" bw="1" slack="0"/>
</pin_list>
<bind>
<StgValue><ssdm name=""/></StgValue>
</bind>
</comp>

<comp id="10" class="1001" name="const_10">
<pin_list>
<pin id="11" dir="1" index="0" bw="1" slack="2147483647"/>
</pin_list>
<bind>
<StgValue><ssdm name="_ssdm_op_SpecInterface"/></StgValue>
</bind>
</comp>

<comp id="12" class="1001" name="const_12">
<pin_list>
<pin id="13" dir="1" index="0" bw="1" slack="2147483647"/>
</pin_list>
<bind>
<StgValue><ssdm name="empty_6"/></StgValue>
</bind>
</comp>

<comp id="14" class="1001" name="const_14">
<pin_list>
<pin id="15" dir="1" index="0" bw="1" slack="0"/>
</pin_list>
<bind>
<StgValue><ssdm name=""/></StgValue>
</bind>
</comp>

<comp id="16" class="1001" name="const_16">
<pin_list>
<pin id="17" dir="1" index="0" bw="1" slack="2147483647"/>
</pin_list>
<bind>
<StgValue><ssdm name="empty_3"/></StgValue>
</bind>
</comp>

<comp id="18" class="1001" name="const_18">
<pin_list>
<pin id="19" dir="1" index="0" bw="1" slack="2147483647"/>
</pin_list>
<bind>
<StgValue><ssdm name=""/></StgValue>
</bind>
</comp>

<comp id="20" class="1001" name="const_20">
<pin_list>
<pin id="21" dir="1" index="0" bw="1" slack="2147483647"/>
</pin_list>
<bind>
<StgValue><ssdm name="empty_1"/></StgValue>
</bind>
</comp>

<comp id="22" class="1001" name="const_22">
<pin_list>
<pin id="23" dir="1" index="0" bw="1" slack="2147483647"/>
</pin_list>
<bind>
<StgValue><ssdm name=""/></StgValue>
</bind>
</comp>

<comp id="24" class="1001" name="const_24">
<pin_list>
<pin id="25" dir="1" index="0" bw="1" slack="2147483647"/>
</pin_list>
<bind>
<StgValue><ssdm name="empty_9"/></StgValue>
</bind>
</comp>

<comp id="26" class="1001" name="const_26">
<pin_list>
<pin id="27" dir="1" index="0" bw="1" slack="2147483647"/>
</pin_list>
<bind>
<StgValue><ssdm name="empty_10"/></StgValue>
</bind>
</comp>

<comp id="28" class="1001" name="const_28">
<pin_list>
<pin id="29" dir="1" index="0" bw="1" slack="2147483647"/>
</pin_list>
<bind>
<StgValue><ssdm name=""/></StgValue>
</bind>
</comp>

<comp id="30" class="1001" name="const_30">
<pin_list>
<pin id="31" dir="1" index="0" bw="1" slack="0"/>
</pin_list>
<bind>
<StgValue><ssdm name="_ssdm_op_Read.ap_auto.i32"/></StgValue>
</bind>
</comp>

<comp id="32" class="1001" name="const_32">
<pin_list>
<pin id="33" dir="1" index="0" bw="1" slack="0"/>
</pin_list>
<bind>
<StgValue><ssdm name="_ssdm_op_Read.ap_auto.i64"/></StgValue>
</bind>
</comp>

<comp id="34" class="1001" name="const_34">
<pin_list>
<pin id="35" dir="1" index="0" bw="1" slack="0"/>
</pin_list>
<bind>
<StgValue><ssdm name=""/></StgValue>
</bind>
</comp>

<comp id="36" class="1001" name="const_36">
<pin_list>
<pin id="37" dir="1" index="0" bw="1" slack="0"/>
</pin_list>
<bind>
<StgValue><ssdm name=""/></StgValue>
</bind>
</comp>

<comp id="38" class="1001" name="const_38">
<pin_list>
<pin id="39" dir="1" index="0" bw="1" slack="0"/>
</pin_list>
<bind>
<StgValue><ssdm name=""/></StgValue>
</bind>
</comp>

<comp id="40" class="1001" name="const_40">
<pin_list>
<pin id="41" dir="1" index="0" bw="1" slack="0"/>
</pin_list>
<bind>
<StgValue><ssdm name=""/></StgValue>
</bind>
</comp>

<comp id="42" class="1001" name="const_42">
<pin_list>
<pin id="43" dir="1" index="0" bw="1" slack="0"/>
</pin_list>
<bind>
<StgValue><ssdm name="_ssdm_op_PartSelect.i62.i64.i32.i32"/></StgValue>
</bind>
</comp>

<comp id="44" class="1001" name="const_44">
<pin_list>
<pin id="45" dir="1" index="0" bw="1" slack="0"/>
</pin_list>
<bind>
<StgValue><ssdm name=""/></StgValue>
</bind>
</comp>

<comp id="46" class="1001" name="const_46">
<pin_list>
<pin id="47" dir="1" index="0" bw="1" slack="0"/>
</pin_list>
<bind>
<StgValue><ssdm name=""/></StgValue>
</bind>
</comp>

<comp id="48" class="1001" name="const_48">
<pin_list>
<pin id="49" dir="1" index="0" bw="1" slack="0"/>
</pin_list>
<bind>
<StgValue><ssdm name="_ssdm_op_ReadReq.m_axi.p1i32"/></StgValue>
</bind>
</comp>

<comp id="50" class="1001" name="const_50">
<pin_list>
<pin id="51" dir="1" index="0" bw="1" slack="0"/>
</pin_list>
<bind>
<StgValue><ssdm name="_ssdm_op_Read.m_axi.p1i32"/></StgValue>
</bind>
</comp>

<comp id="52" class="1001" name="const_52">
<pin_list>
<pin id="53" dir="1" index="0" bw="1" slack="2147483647"/>
</pin_list>
<bind>
<StgValue><ssdm name="_ssdm_op_SpecPipeline"/></StgValue>
</bind>
</comp>

<comp id="54" class="1001" name="const_54">
<pin_list>
<pin id="55" dir="1" index="0" bw="1" slack="2147483647"/>
</pin_list>
<bind>
<StgValue><ssdm name="_ssdm_op_SpecLoopTripCount"/></StgValue>
</bind>
</comp>

<comp id="56" class="1001" name="const_56">
<pin_list>
<pin id="57" dir="1" index="0" bw="1" slack="2147483647"/>
</pin_list>
<bind>
<StgValue><ssdm name=""/></StgValue>
</bind>
</comp>

<comp id="58" class="1001" name="const_58">
<pin_list>
<pin id="59" dir="1" index="0" bw="1" slack="2147483647"/>
</pin_list>
<bind>
<StgValue><ssdm name="_ssdm_op_SpecLoopName"/></StgValue>
</bind>
</comp>

<comp id="60" class="1001" name="const_60">
<pin_list>
<pin id="61" dir="1" index="0" bw="1" slack="2147483647"/>
</pin_list>
<bind>
<StgValue><ssdm name="empty_12"/></StgValue>
</bind>
</comp>

<comp id="62" class="1001" name="const_62">
<pin_list>
<pin id="63" dir="1" index="0" bw="1" slack="0"/>
</pin_list>
<bind>
<StgValue><ssdm name="_ssdm_op_Write.ap_fifo.volatile.i32P0A"/></StgValue>
</bind>
</comp>

<comp id="64" class="1004" name="i_fu_64">
<pin_list>
<pin id="65" dir="0" index="0" bw="1" slack="0"/>
<pin id="66" dir="1" index="1" bw="31" slack="0"/>
</pin_list>
<bind>
<opcode="alloca(26) " fcode="alloca"/>
<opset="i/1 "/>
</bind>
</comp>

<comp id="68" class="1004" name="size_read_read_fu_68">
<pin_list>
<pin id="69" dir="0" index="0" bw="32" slack="0"/>
<pin id="70" dir="0" index="1" bw="32" slack="0"/>
<pin id="71" dir="1" index="2" bw="32" slack="0"/>
</pin_list>
<bind>
<opcode="read(1150) " fcode="read"/>
<opset="size_read/1 "/>
</bind>
</comp>

<comp id="74" class="1004" name="in_read_read_fu_74">
<pin_list>
<pin id="75" dir="0" index="0" bw="64" slack="0"/>
<pin id="76" dir="0" index="1" bw="64" slack="0"/>
<pin id="77" dir="1" index="2" bw="64" slack="1"/>
</pin_list>
<bind>
<opcode="read(1150) " fcode="read"/>
<opset="in_read/1 "/>
</bind>
</comp>

<comp id="80" class="1004" name="grp_readreq_fu_80">
<pin_list>
<pin id="81" dir="0" index="0" bw="1" slack="0"/>
<pin id="82" dir="0" index="1" bw="32" slack="0"/>
<pin id="83" dir="0" index="2" bw="31" slack="1"/>
<pin id="84" dir="1" index="3" bw="1" slack="2147483647"/>
</pin_list>
<bind>
<opcode="readreq(1154) " fcode="readreq"/>
<opset="empty_33/2 "/>
</bind>
</comp>

<comp id="86" class="1004" name="gmem1_addr_read_read_fu_86">
<pin_list>
<pin id="87" dir="0" index="0" bw="32" slack="0"/>
<pin id="88" dir="0" index="1" bw="32" slack="71"/>
<pin id="89" dir="1" index="2" bw="32" slack="1"/>
</pin_list>
<bind>
<opcode="read(1150) " fcode="read"/>
<opset="gmem1_addr_read/73 "/>
</bind>
</comp>

<comp id="91" class="1004" name="write_ln70_write_fu_91">
<pin_list>
<pin id="92" dir="0" index="0" bw="0" slack="0"/>
<pin id="93" dir="0" index="1" bw="32" slack="0"/>
<pin id="94" dir="0" index="2" bw="32" slack="1"/>
<pin id="95" dir="1" index="3" bw="0" slack="2147483647"/>
</pin_list>
<bind>
<opcode="write(1151) " fcode="write"/>
<opset="write_ln70/74 "/>
</bind>
</comp>

<comp id="98" class="1005" name="first_iter_0_reg_98">
<pin_list>
<pin id="99" dir="0" index="0" bw="1" slack="1"/>
<pin id="100" dir="1" index="1" bw="1" slack="2147483647"/>
</pin_list>
<bind>
<opset="first_iter_0 (phireg) "/>
</bind>
</comp>

<comp id="101" class="1004" name="first_iter_0_phi_fu_101">
<pin_list>
<pin id="102" dir="0" index="0" bw="1" slack="0"/>
<pin id="103" dir="0" index="1" bw="0" slack="2147483647"/>
<pin id="104" dir="0" index="2" bw="1" slack="0"/>
<pin id="105" dir="0" index="3" bw="0" slack="2147483647"/>
<pin id="106" dir="1" index="4" bw="1" slack="1"/>
</pin_list>
<bind>
<opcode="phi(47) " fcode="phi"/>
<opset="first_iter_0/1 "/>
</bind>
</comp>

<comp id="110" class="1004" name="icmp_ln68_fu_110">
<pin_list>
<pin id="111" dir="0" index="0" bw="32" slack="0"/>
<pin id="112" dir="0" index="1" bw="1" slack="0"/>
<pin id="113" dir="1" index="2" bw="1" slack="0"/>
</pin_list>
<bind>
<opcode="icmp(45) " fcode="icmp"/>
<opset="icmp_ln68/1 "/>
</bind>
</comp>

<comp id="116" class="1004" name="trunc_ln68_fu_116">
<pin_list>
<pin id="117" dir="0" index="0" bw="32" slack="0"/>
<pin id="118" dir="1" index="1" bw="31" slack="0"/>
</pin_list>
<bind>
<opcode="trunc(33) " fcode="trunc"/>
<opset="trunc_ln68/1 "/>
</bind>
</comp>

<comp id="120" class="1004" name="empty_fu_120">
<pin_list>
<pin id="121" dir="0" index="0" bw="1" slack="0"/>
<pin id="122" dir="0" index="1" bw="31" slack="0"/>
<pin id="123" dir="0" index="2" bw="1" slack="0"/>
<pin id="124" dir="1" index="3" bw="31" slack="0"/>
</pin_list>
<bind>
<opcode="select(49) " fcode="select"/>
<opset="empty/1 "/>
</bind>
</comp>

<comp id="128" class="1004" name="zext_ln68_fu_128">
<pin_list>
<pin id="129" dir="0" index="0" bw="31" slack="0"/>
<pin id="130" dir="1" index="1" bw="64" slack="1"/>
</pin_list>
<bind>
<opcode="zext(34) " fcode="zext"/>
<opset="zext_ln68/1 "/>
</bind>
</comp>

<comp id="132" class="1004" name="store_ln0_store_fu_132">
<pin_list>
<pin id="133" dir="0" index="0" bw="1" slack="0"/>
<pin id="134" dir="0" index="1" bw="31" slack="0"/>
<pin id="135" dir="1" index="2" bw="0" slack="2147483647"/>
</pin_list>
<bind>
<opcode="store(28) " fcode="store"/>
<opset="store_ln0/1 "/>
</bind>
</comp>

<comp id="137" class="1004" name="i_load_load_fu_137">
<pin_list>
<pin id="138" dir="0" index="0" bw="31" slack="0"/>
<pin id="139" dir="1" index="1" bw="31" slack="0"/>
</pin_list>
<bind>
<opcode="load(27) " fcode="load"/>
<opset="i_load/1 "/>
</bind>
</comp>

<comp id="140" class="1004" name="zext_ln65_fu_140">
<pin_list>
<pin id="141" dir="0" index="0" bw="31" slack="0"/>
<pin id="142" dir="1" index="1" bw="32" slack="0"/>
</pin_list>
<bind>
<opcode="zext(34) " fcode="zext"/>
<opset="zext_ln65/1 "/>
</bind>
</comp>

<comp id="144" class="1004" name="icmp_ln68_1_fu_144">
<pin_list>
<pin id="145" dir="0" index="0" bw="31" slack="0"/>
<pin id="146" dir="0" index="1" bw="32" slack="0"/>
<pin id="147" dir="1" index="2" bw="1" slack="1"/>
</pin_list>
<bind>
<opcode="icmp(45) " fcode="icmp"/>
<opset="icmp_ln68_1/1 "/>
</bind>
</comp>

<comp id="150" class="1004" name="add_ln68_fu_150">
<pin_list>
<pin id="151" dir="0" index="0" bw="31" slack="0"/>
<pin id="152" dir="0" index="1" bw="1" slack="0"/>
<pin id="153" dir="1" index="2" bw="31" slack="0"/>
</pin_list>
<bind>
<opcode="add(8) " fcode="add"/>
<opset="add_ln68/1 "/>
</bind>
</comp>

<comp id="156" class="1004" name="store_ln68_store_fu_156">
<pin_list>
<pin id="157" dir="0" index="0" bw="31" slack="0"/>
<pin id="158" dir="0" index="1" bw="31" slack="0"/>
<pin id="159" dir="1" index="2" bw="0" slack="2147483647"/>
</pin_list>
<bind>
<opcode="store(28) " fcode="store"/>
<opset="store_ln68/1 "/>
</bind>
</comp>

<comp id="161" class="1004" name="trunc_ln68_1_fu_161">
<pin_list>
<pin id="162" dir="0" index="0" bw="62" slack="0"/>
<pin id="163" dir="0" index="1" bw="64" slack="1"/>
<pin id="164" dir="0" index="2" bw="3" slack="0"/>
<pin id="165" dir="0" index="3" bw="7" slack="0"/>
<pin id="166" dir="1" index="4" bw="62" slack="0"/>
</pin_list>
<bind>
<opcode="partselect(1002) " fcode="partselect"/>
<opset="trunc_ln68_1/2 "/>
</bind>
</comp>

<comp id="170" class="1004" name="sext_ln68_fu_170">
<pin_list>
<pin id="171" dir="0" index="0" bw="62" slack="0"/>
<pin id="172" dir="1" index="1" bw="64" slack="0"/>
</pin_list>
<bind>
<opcode="sext(35) " fcode="sext"/>
<opset="sext_ln68/2 "/>
</bind>
</comp>

<comp id="174" class="1004" name="gmem1_addr_fu_174">
<pin_list>
<pin id="175" dir="0" index="0" bw="32" slack="0"/>
<pin id="176" dir="0" index="1" bw="62" slack="0"/>
<pin id="177" dir="1" index="2" bw="32" slack="0"/>
</pin_list>
<bind>
<opcode="getelementptr(29) " fcode="getelementptr"/>
<opset="gmem1_addr/2 "/>
</bind>
</comp>

<comp id="181" class="1005" name="i_reg_181">
<pin_list>
<pin id="182" dir="0" index="0" bw="31" slack="0"/>
<pin id="183" dir="1" index="1" bw="31" slack="0"/>
</pin_list>
<bind>
<opset="i "/>
</bind>
</comp>

<comp id="188" class="1005" name="in_read_reg_188">
<pin_list>
<pin id="189" dir="0" index="0" bw="64" slack="1"/>
<pin id="190" dir="1" index="1" bw="64" slack="1"/>
</pin_list>
<bind>
<opset="in_read "/>
</bind>
</comp>

<comp id="193" class="1005" name="zext_ln68_reg_193">
<pin_list>
<pin id="194" dir="0" index="0" bw="64" slack="1"/>
<pin id="195" dir="1" index="1" bw="64" slack="1"/>
</pin_list>
<bind>
<opset="zext_ln68 "/>
</bind>
</comp>

<comp id="198" class="1005" name="icmp_ln68_1_reg_198">
<pin_list>
<pin id="199" dir="0" index="0" bw="1" slack="1"/>
<pin id="200" dir="1" index="1" bw="1" slack="2147483647"/>
</pin_list>
<bind>
<opset="icmp_ln68_1 "/>
</bind>
</comp>

<comp id="202" class="1005" name="gmem1_addr_reg_202">
<pin_list>
<pin id="203" dir="0" index="0" bw="32" slack="1"/>
<pin id="204" dir="1" index="1" bw="32" slack="1"/>
</pin_list>
<bind>
<opset="gmem1_addr "/>
</bind>
</comp>

<comp id="208" class="1005" name="gmem1_addr_read_reg_208">
<pin_list>
<pin id="209" dir="0" index="0" bw="32" slack="1"/>
<pin id="210" dir="1" index="1" bw="32" slack="1"/>
</pin_list>
<bind>
<opset="gmem1_addr_read "/>
</bind>
</comp>

</comp_list>

<net_list>
<net id="67"><net_src comp="8" pin="0"/><net_sink comp="64" pin=0"/></net>

<net id="72"><net_src comp="30" pin="0"/><net_sink comp="68" pin=0"/></net>

<net id="73"><net_src comp="4" pin="0"/><net_sink comp="68" pin=1"/></net>

<net id="78"><net_src comp="32" pin="0"/><net_sink comp="74" pin=0"/></net>

<net id="79"><net_src comp="2" pin="0"/><net_sink comp="74" pin=1"/></net>

<net id="85"><net_src comp="48" pin="0"/><net_sink comp="80" pin=0"/></net>

<net id="90"><net_src comp="50" pin="0"/><net_sink comp="86" pin=0"/></net>

<net id="96"><net_src comp="62" pin="0"/><net_sink comp="91" pin=0"/></net>

<net id="97"><net_src comp="6" pin="0"/><net_sink comp="91" pin=1"/></net>

<net id="107"><net_src comp="36" pin="0"/><net_sink comp="101" pin=0"/></net>

<net id="108"><net_src comp="38" pin="0"/><net_sink comp="101" pin=2"/></net>

<net id="109"><net_src comp="101" pin="4"/><net_sink comp="98" pin=0"/></net>

<net id="114"><net_src comp="68" pin="2"/><net_sink comp="110" pin=0"/></net>

<net id="115"><net_src comp="14" pin="0"/><net_sink comp="110" pin=1"/></net>

<net id="119"><net_src comp="68" pin="2"/><net_sink comp="116" pin=0"/></net>

<net id="125"><net_src comp="110" pin="2"/><net_sink comp="120" pin=0"/></net>

<net id="126"><net_src comp="116" pin="1"/><net_sink comp="120" pin=1"/></net>

<net id="127"><net_src comp="34" pin="0"/><net_sink comp="120" pin=2"/></net>

<net id="131"><net_src comp="120" pin="3"/><net_sink comp="128" pin=0"/></net>

<net id="136"><net_src comp="34" pin="0"/><net_sink comp="132" pin=0"/></net>

<net id="143"><net_src comp="137" pin="1"/><net_sink comp="140" pin=0"/></net>

<net id="148"><net_src comp="140" pin="1"/><net_sink comp="144" pin=0"/></net>

<net id="149"><net_src comp="68" pin="2"/><net_sink comp="144" pin=1"/></net>

<net id="154"><net_src comp="137" pin="1"/><net_sink comp="150" pin=0"/></net>

<net id="155"><net_src comp="40" pin="0"/><net_sink comp="150" pin=1"/></net>

<net id="160"><net_src comp="150" pin="2"/><net_sink comp="156" pin=0"/></net>

<net id="167"><net_src comp="42" pin="0"/><net_sink comp="161" pin=0"/></net>

<net id="168"><net_src comp="44" pin="0"/><net_sink comp="161" pin=2"/></net>

<net id="169"><net_src comp="46" pin="0"/><net_sink comp="161" pin=3"/></net>

<net id="173"><net_src comp="161" pin="4"/><net_sink comp="170" pin=0"/></net>

<net id="178"><net_src comp="0" pin="0"/><net_sink comp="174" pin=0"/></net>

<net id="179"><net_src comp="170" pin="1"/><net_sink comp="174" pin=1"/></net>

<net id="180"><net_src comp="174" pin="2"/><net_sink comp="80" pin=1"/></net>

<net id="184"><net_src comp="64" pin="1"/><net_sink comp="181" pin=0"/></net>

<net id="185"><net_src comp="181" pin="1"/><net_sink comp="132" pin=1"/></net>

<net id="186"><net_src comp="181" pin="1"/><net_sink comp="137" pin=0"/></net>

<net id="187"><net_src comp="181" pin="1"/><net_sink comp="156" pin=1"/></net>

<net id="191"><net_src comp="74" pin="2"/><net_sink comp="188" pin=0"/></net>

<net id="192"><net_src comp="188" pin="1"/><net_sink comp="161" pin=1"/></net>

<net id="196"><net_src comp="128" pin="1"/><net_sink comp="193" pin=0"/></net>

<net id="197"><net_src comp="193" pin="1"/><net_sink comp="80" pin=2"/></net>

<net id="201"><net_src comp="144" pin="2"/><net_sink comp="198" pin=0"/></net>

<net id="205"><net_src comp="174" pin="2"/><net_sink comp="202" pin=0"/></net>

<net id="206"><net_src comp="202" pin="1"/><net_sink comp="80" pin=1"/></net>

<net id="207"><net_src comp="202" pin="1"/><net_sink comp="86" pin=1"/></net>

<net id="211"><net_src comp="86" pin="2"/><net_sink comp="208" pin=0"/></net>

<net id="212"><net_src comp="208" pin="1"/><net_sink comp="91" pin=2"/></net>

</net_list>

</model> 
---------------- Datapath Model END ------------------

* FSMD analyzer results:
  - Output states:
	Port: inStream2 | {74 }
 - Input state : 
	Port: read_input.1 : gmem1 | {2 3 4 5 6 7 8 9 10 11 12 13 14 15 16 17 18 19 20 21 22 23 24 25 26 27 28 29 30 31 32 33 34 35 36 37 38 39 40 41 42 43 44 45 46 47 48 49 50 51 52 53 54 55 56 57 58 59 60 61 62 63 64 65 66 67 68 69 70 71 72 73 }
	Port: read_input.1 : in_r | {1 }
	Port: read_input.1 : size | {1 }
  - Chain level:
	State 1
		empty : 1
		zext_ln68 : 2
		store_ln0 : 1
		first_iter_0 : 1
		i_load : 1
		zext_ln65 : 2
		icmp_ln68_1 : 3
		br_ln68 : 4
		br_ln68 : 2
		add_ln68 : 2
		store_ln68 : 3
	State 2
		sext_ln68 : 1
		gmem1_addr : 2
		empty_33 : 3
	State 3
	State 4
	State 5
	State 6
	State 7
	State 8
	State 9
	State 10
	State 11
	State 12
	State 13
	State 14
	State 15
	State 16
	State 17
	State 18
	State 19
	State 20
	State 21
	State 22
	State 23
	State 24
	State 25
	State 26
	State 27
	State 28
	State 29
	State 30
	State 31
	State 32
	State 33
	State 34
	State 35
	State 36
	State 37
	State 38
	State 39
	State 40
	State 41
	State 42
	State 43
	State 44
	State 45
	State 46
	State 47
	State 48
	State 49
	State 50
	State 51
	State 52
	State 53
	State 54
	State 55
	State 56
	State 57
	State 58
	State 59
	State 60
	State 61
	State 62
	State 63
	State 64
	State 65
	State 66
	State 67
	State 68
	State 69
	State 70
	State 71
	State 72
	State 73
	State 74


============================================================
+ Verbose Summary: Datapath Resource usage 
============================================================

* Functional unit list:
|----------|----------------------------|---------|---------|
| Operation|       Functional Unit      |    FF   |   LUT   |
|----------|----------------------------|---------|---------|
|   icmp   |      icmp_ln68_fu_110      |    0    |    39   |
|          |     icmp_ln68_1_fu_144     |    0    |    39   |
|----------|----------------------------|---------|---------|
|    add   |       add_ln68_fu_150      |    0    |    38   |
|----------|----------------------------|---------|---------|
|  select  |        empty_fu_120        |    0    |    31   |
|----------|----------------------------|---------|---------|
|          |    size_read_read_fu_68    |    0    |    0    |
|   read   |     in_read_read_fu_74     |    0    |    0    |
|          | gmem1_addr_read_read_fu_86 |    0    |    0    |
|----------|----------------------------|---------|---------|
|  readreq |      grp_readreq_fu_80     |    0    |    0    |
|----------|----------------------------|---------|---------|
|   write  |   write_ln70_write_fu_91   |    0    |    0    |
|----------|----------------------------|---------|---------|
|   trunc  |      trunc_ln68_fu_116     |    0    |    0    |
|----------|----------------------------|---------|---------|
|   zext   |      zext_ln68_fu_128      |    0    |    0    |
|          |      zext_ln65_fu_140      |    0    |    0    |
|----------|----------------------------|---------|---------|
|partselect|     trunc_ln68_1_fu_161    |    0    |    0    |
|----------|----------------------------|---------|---------|
|   sext   |      sext_ln68_fu_170      |    0    |    0    |
|----------|----------------------------|---------|---------|
|   Total  |                            |    0    |   147   |
|----------|----------------------------|---------|---------|

Memories:
N/A

* Register list:
+-----------------------+--------+
|                       |   FF   |
+-----------------------+--------+
|  first_iter_0_reg_98  |    1   |
|gmem1_addr_read_reg_208|   32   |
|   gmem1_addr_reg_202  |   32   |
|       i_reg_181       |   31   |
|  icmp_ln68_1_reg_198  |    1   |
|    in_read_reg_188    |   64   |
|   zext_ln68_reg_193   |   64   |
+-----------------------+--------+
|         Total         |   225  |
+-----------------------+--------+

* Multiplexer (MUX) list: 
|-------------------|------|------|------|--------||---------||---------||---------|
|        Comp       |  Pin | Size |  BW  | S x BW ||  Delay  ||    FF   ||   LUT   |
|-------------------|------|------|------|--------||---------||---------||---------|
| grp_readreq_fu_80 |  p1  |   2  |  32  |   64   ||    0    ||    9    |
|-------------------|------|------|------|--------||---------||---------||---------|
|       Total       |      |      |      |   64   ||  0.427  ||    0    ||    9    |
|-------------------|------|------|------|--------||---------||---------||---------|



* Summary:
+-----------+--------+--------+--------+
|           |  Delay |   FF   |   LUT  |
+-----------+--------+--------+--------+
|  Function |    -   |    0   |   147  |
|   Memory  |    -   |    -   |    -   |
|Multiplexer|    0   |    0   |    9   |
|  Register |    -   |   225  |    -   |
+-----------+--------+--------+--------+
|   Total   |    0   |   225  |   156  |
+-----------+--------+--------+--------+
