

================================================================
== Vitis HLS Report for 'compute_add'
================================================================
* Date:           Mon Nov 25 16:13:56 2024

* Version:        2024.1 (Build 5069499 on May 21 2024)
* Project:        vadd
* Solution:       hls (Vitis Kernel Flow Target)
* Product family: zynquplus
* Target device:  xczu9eg-ffvb1156-2-e


================================================================
== Performance Estimates
================================================================
+ Timing: 
    * Summary: 
    +--------+---------+----------+------------+
    |  Clock |  Target | Estimated| Uncertainty|
    +--------+---------+----------+------------+
    |ap_clk  |  6.67 ns|  4.692 ns|     1.80 ns|
    +--------+---------+----------+------------+

+ Latency: 
    * Summary: 
    +---------+---------+-----------+-----------+------+------+---------+
    |  Latency (cycles) |   Latency (absolute)  |   Interval  | Pipeline|
    |   min   |   max   |    min    |    max    |  min |  max |   Type  |
    +---------+---------+-----------+-----------+------+------+---------+
    |     4100|     4100|  27.335 us|  27.335 us|  4100|  4100|       no|
    +---------+---------+-----------+-----------+------+------+---------+

    + Detail: 
        * Instance: 
        +----------------------------------------+------------------------------+---------+---------+-----------+-----------+------+------+-----------------------------------------------+
        |                                        |                              |  Latency (cycles) |   Latency (absolute)  |   Interval  |                    Pipeline                   |
        |                Instance                |            Module            |   min   |   max   |    min    |    max    |  min |  max |                      Type                     |
        +----------------------------------------+------------------------------+---------+---------+-----------+-----------+------+------+-----------------------------------------------+
        |grp_compute_add_Pipeline_execute_fu_52  |compute_add_Pipeline_execute  |     4098|     4098|  27.321 us|  27.321 us|  4097|  4097|  loop auto-rewind stp(delay=0 clock cycles(s))|
        +----------------------------------------+------------------------------+---------+---------+-----------+-----------+------+------+-----------------------------------------------+

        * Loop: 
        N/A



================================================================
== Utilization Estimates
================================================================
* Summary: 
+-----------------+---------+------+--------+--------+-----+
|       Name      | BRAM_18K|  DSP |   FF   |   LUT  | URAM|
+-----------------+---------+------+--------+--------+-----+
|DSP              |        -|     -|       -|       -|    -|
|Expression       |        -|     -|       0|      10|    -|
|FIFO             |        -|     -|       -|       -|    -|
|Instance         |        -|     -|      34|     191|    -|
|Memory           |        -|     -|       -|       -|    -|
|Multiplexer      |        -|     -|       0|      74|    -|
|Register         |        -|     -|      37|       -|    -|
+-----------------+---------+------+--------+--------+-----+
|Total            |        0|     0|      71|     275|    0|
+-----------------+---------+------+--------+--------+-----+
|Available        |     1824|  2520|  548160|  274080|    0|
+-----------------+---------+------+--------+--------+-----+
|Utilization (%)  |        0|     0|      ~0|      ~0|    0|
+-----------------+---------+------+--------+--------+-----+

+ Detail: 
    * Instance: 
    +----------------------------------------+------------------------------+---------+----+----+-----+-----+
    |                Instance                |            Module            | BRAM_18K| DSP| FF | LUT | URAM|
    +----------------------------------------+------------------------------+---------+----+----+-----+-----+
    |grp_compute_add_Pipeline_execute_fu_52  |compute_add_Pipeline_execute  |        0|   0|  34|  191|    0|
    +----------------------------------------+------------------------------+---------+----+----+-----+-----+
    |Total                                   |                              |        0|   0|  34|  191|    0|
    +----------------------------------------+------------------------------+---------+----+----+-----+-----+

    * DSP: 
    N/A

    * Memory: 
    N/A

    * FIFO: 
    N/A

    * Expression: 
    +-----------------------+----------+----+---+----+------------+------------+
    |     Variable Name     | Operation| DSP| FF| LUT| Bitwidth P0| Bitwidth P1|
    +-----------------------+----------+----+---+----+------------+------------+
    |ap_ext_blocking_n      |       and|   0|  0|   2|           1|           2|
    |ap_int_blocking_cur_n  |       and|   0|  0|   2|           1|           1|
    |ap_int_blocking_n      |       and|   0|  0|   2|           1|           1|
    |ap_str_blocking_n      |       and|   0|  0|   2|           1|           2|
    |ap_block_state1        |        or|   0|  0|   2|           1|           1|
    +-----------------------+----------+----+---+----+------------+------------+
    |Total                  |          |   0|  0|  10|           5|           7|
    +-----------------------+----------+----+---+----+------------+------------+

    * Multiplexer: 
    +-----------------+----+-----------+-----+-----------+
    |       Name      | LUT| Input Size| Bits| Total Bits|
    +-----------------+----+-----------+-----+-----------+
    |ap_NS_fsm        |  20|          4|    1|          4|
    |ap_done          |   9|          2|    1|          2|
    |inStream1_read   |   9|          2|    1|          2|
    |inStream2_read   |   9|          2|    1|          2|
    |outStream_write  |   9|          2|    1|          2|
    |size_blk_n       |   9|          2|    1|          2|
    |size_c_blk_n     |   9|          2|    1|          2|
    +-----------------+----+-----------+-----+-----------+
    |Total            |  74|         16|    7|         16|
    +-----------------+----+-----------+-----+-----------+

    * Register: 
    +-----------------------------------------------------+----+----+-----+-----------+
    |                         Name                        | FF | LUT| Bits| Const Bits|
    +-----------------------------------------------------+----+----+-----+-----------+
    |ap_CS_fsm                                            |   3|   0|    3|          0|
    |ap_done_reg                                          |   1|   0|    1|          0|
    |grp_compute_add_Pipeline_execute_fu_52_ap_start_reg  |   1|   0|    1|          0|
    |size_read_reg_63                                     |  32|   0|   32|          0|
    +-----------------------------------------------------+----+----+-----+-----------+
    |Total                                                |  37|   0|   37|          0|
    +-----------------------------------------------------+----+----+-----+-----------+



================================================================
== Interface
================================================================
* Summary: 
+--------------------------+-----+-----+------------+--------------+--------------+
|         RTL Ports        | Dir | Bits|  Protocol  | Source Object|    C Type    |
+--------------------------+-----+-----+------------+--------------+--------------+
|ap_clk                    |   in|    1|  ap_ctrl_hs|   compute_add|  return value|
|ap_rst                    |   in|    1|  ap_ctrl_hs|   compute_add|  return value|
|ap_start                  |   in|    1|  ap_ctrl_hs|   compute_add|  return value|
|ap_done                   |  out|    1|  ap_ctrl_hs|   compute_add|  return value|
|ap_continue               |   in|    1|  ap_ctrl_hs|   compute_add|  return value|
|ap_idle                   |  out|    1|  ap_ctrl_hs|   compute_add|  return value|
|ap_ready                  |  out|    1|  ap_ctrl_hs|   compute_add|  return value|
|ap_ext_blocking_n         |  out|    1|  ap_ctrl_hs|   compute_add|  return value|
|ap_str_blocking_n         |  out|    1|  ap_ctrl_hs|   compute_add|  return value|
|ap_int_blocking_n         |  out|    1|  ap_ctrl_hs|   compute_add|  return value|
|size_dout                 |   in|   32|     ap_fifo|          size|       pointer|
|size_num_data_valid       |   in|    3|     ap_fifo|          size|       pointer|
|size_fifo_cap             |   in|    3|     ap_fifo|          size|       pointer|
|size_empty_n              |   in|    1|     ap_fifo|          size|       pointer|
|size_read                 |  out|    1|     ap_fifo|          size|       pointer|
|size_c_din                |  out|   32|     ap_fifo|        size_c|       pointer|
|size_c_num_data_valid     |   in|    3|     ap_fifo|        size_c|       pointer|
|size_c_fifo_cap           |   in|    3|     ap_fifo|        size_c|       pointer|
|size_c_full_n             |   in|    1|     ap_fifo|        size_c|       pointer|
|size_c_write              |  out|    1|     ap_fifo|        size_c|       pointer|
|inStream1_dout            |   in|   32|     ap_fifo|     inStream1|       pointer|
|inStream1_num_data_valid  |   in|    3|     ap_fifo|     inStream1|       pointer|
|inStream1_fifo_cap        |   in|    3|     ap_fifo|     inStream1|       pointer|
|inStream1_empty_n         |   in|    1|     ap_fifo|     inStream1|       pointer|
|inStream1_read            |  out|    1|     ap_fifo|     inStream1|       pointer|
|inStream2_dout            |   in|   32|     ap_fifo|     inStream2|       pointer|
|inStream2_num_data_valid  |   in|    3|     ap_fifo|     inStream2|       pointer|
|inStream2_fifo_cap        |   in|    3|     ap_fifo|     inStream2|       pointer|
|inStream2_empty_n         |   in|    1|     ap_fifo|     inStream2|       pointer|
|inStream2_read            |  out|    1|     ap_fifo|     inStream2|       pointer|
|outStream_din             |  out|   32|     ap_fifo|     outStream|       pointer|
|outStream_num_data_valid  |   in|    3|     ap_fifo|     outStream|       pointer|
|outStream_fifo_cap        |   in|    3|     ap_fifo|     outStream|       pointer|
|outStream_full_n          |   in|    1|     ap_fifo|     outStream|       pointer|
|outStream_write           |  out|    1|     ap_fifo|     outStream|       pointer|
+--------------------------+-----+-----+------------+--------------+--------------+

