================================================================
== Design Size Report
================================================================

* Total Instructions per Compilation Phase
+---------------+-----------------------------+--------------+----------------------------------------------------------------------------------------+
| Phase         | Step                        | Instructions | Description                                                                            |
+---------------+-----------------------------+--------------+----------------------------------------------------------------------------------------+
| Compile/Link  |                             | 157          | After all functions are compiled and linked into a single design                       |
|               |                             |              |                                                                                        |
| Unroll/Inline |                             |              | After user unroll and inline pragmas are applied                                       |
|               | (1) unroll                  |  96          | user unroll pragmas are applied                                                        |
|               | (2) simplification          |  73          | simplification of applied user unroll pragmas                                          |
|               | (3) inline                  |  84          | user inline pragmas are applied                                                        |
|               | (4) simplification          |  84          | simplification of applied user inline pragmas                                          |
|               |                             |              |                                                                                        |
| Array/Struct  |                             |              | After user array partition and struct aggregate/disaggregate pragmas are applied       |
|               | (1) array partition         |  66          | user array partition pragmas are applied                                               |
|               | (2) simplification          |  66          | simplification of applied user array partition & struct aggregate/disaggregate pragmas |
|               | (3) aggregate/disaggregate  |  66          | user struct aggregate/disaggregate pragmas are applied                                 |
|               | (4) array reshape           |  66          | apply array reshape pragmas                                                            |
|               | (5) access patterns         |  73          | array access pattern optmizations                                                      |
|               |                             |              |                                                                                        |
| Performance   |                             |              | After transformations are applied to meet performance pragma targets                   |
|               | (1) loop simplification     |  73          | loop and instruction simplification                                                    |
|               | (2) parallelization         |  73          | loops are unrolled or pipelined to meet performance targets                            |
|               | (3) array partition         |  72          | arrays are partitioned to meet performance targets                                     |
|               | (4) simplification          |  72          | simplification of design after performance transformations                             |
|               |                             |              |                                                                                        |
| HW Transforms |                             |              | After hardware transfomations                                                          |
|               | (1) lowering                |  86          | initial conversion to HW specific instructions                                         |
|               | (2) optimizations           | 113          | high level synthesis optimizations                                                     |
+---------------+-----------------------------+--------------+----------------------------------------------------------------------------------------+

* Instructions per Function for each Compilation Phase
+-----------------+--------------+---------------+---------------+--------------+--------------+---------------+
| Function        | Location     | Compile/Link  | Unroll/Inline | Array/Struct | Performance  | HW Transforms |
+-----------------+--------------+---------------+---------------+--------------+--------------+---------------+
| + vadd          | vadd.cpp:104 | 157           | 84            | 73           | 72           | 113           |
|    read_input   | vadd.cpp:65  |  38 (2 calls) | 26 (2 calls)  | 28 (2 calls) | 28 (2 calls) |  42 (2 calls) |
|    compute_add  | vadd.cpp:74  |  50           | 13            | 13           | 12           |  20           |
|    write_result | vadd.cpp:86  |  26           | 13            | 14           | 14           |  22           |
+-----------------+--------------+---------------+---------------+--------------+--------------+---------------+

* Design Size Message Settings
+---------------------------------------------+--------+------------------------------------------------------------------+
| Message Setting                             | Value  | Description                                                      |
+---------------------------------------------+--------+------------------------------------------------------------------+
| config_compile -design_size_maximum_warning | 100000 | Show a warning when total design instructions exceeds this value |
+---------------------------------------------+--------+------------------------------------------------------------------+


