

================================================================
== Vitis HLS Report for 'read_input'
================================================================
* Date:           Mon Nov 25 16:13:56 2024

* Version:        2024.1 (Build 5069499 on May 21 2024)
* Project:        vadd
* Solution:       hls (Vitis Kernel Flow Target)
* Product family: zynquplus
* Target device:  xczu9eg-ffvb1156-2-e


================================================================
== Performance Estimates
================================================================
+ Timing: 
    * Summary: 
    +--------+---------+----------+------------+
    |  Clock |  Target | Estimated| Uncertainty|
    +--------+---------+----------+------------+
    |ap_clk  |  6.67 ns|  4.867 ns|     1.80 ns|
    +--------+---------+----------+------------+

+ Latency: 
    * Summary: 
    +---------+---------+-----------+-----------+------+------+---------+
    |  Latency (cycles) |   Latency (absolute)  |   Interval  | Pipeline|
    |   min   |   max   |    min    |    max    |  min |  max |   Type  |
    +---------+---------+-----------+-----------+------+------+---------+
    |     4172|     4172|  27.815 us|  27.815 us|  4172|  4172|       no|
    +---------+---------+-----------+-----------+------+------+---------+

    + Detail: 
        * Instance: 
        +--------------------------------------+----------------------------+---------+---------+-----------+-----------+------+------+-----------------------------------------------+
        |                                      |                            |  Latency (cycles) |   Latency (absolute)  |   Interval  |                    Pipeline                   |
        |               Instance               |           Module           |   min   |   max   |    min    |    max    |  min |  max |                      Type                     |
        +--------------------------------------+----------------------------+---------+---------+-----------+-----------+------+------+-----------------------------------------------+
        |grp_read_input_Pipeline_mem_rd_fu_82  |read_input_Pipeline_mem_rd  |     4099|     4099|  27.328 us|  27.328 us|  4097|  4097|  loop auto-rewind stp(delay=0 clock cycles(s))|
        +--------------------------------------+----------------------------+---------+---------+-----------+-----------+------+------+-----------------------------------------------+

        * Loop: 
        N/A



================================================================
== Utilization Estimates
================================================================
* Summary: 
+-----------------+---------+------+--------+--------+-----+
|       Name      | BRAM_18K|  DSP |   FF   |   LUT  | URAM|
+-----------------+---------+------+--------+--------+-----+
|DSP              |        -|     -|       -|       -|    -|
|Expression       |        -|     -|       0|      82|    -|
|FIFO             |        -|     -|       -|       -|    -|
|Instance         |        -|     -|      68|     143|    -|
|Memory           |        -|     -|       -|       -|    -|
|Multiplexer      |        -|     -|       0|     578|    -|
|Register         |        -|     -|     170|       -|    -|
+-----------------+---------+------+--------+--------+-----+
|Total            |        0|     0|     238|     803|    0|
+-----------------+---------+------+--------+--------+-----+
|Available        |     1824|  2520|  548160|  274080|    0|
+-----------------+---------+------+--------+--------+-----+
|Utilization (%)  |        0|     0|      ~0|      ~0|    0|
+-----------------+---------+------+--------+--------+-----+

+ Detail: 
    * Instance: 
    +--------------------------------------+----------------------------+---------+----+----+-----+-----+
    |               Instance               |           Module           | BRAM_18K| DSP| FF | LUT | URAM|
    +--------------------------------------+----------------------------+---------+----+----+-----+-----+
    |grp_read_input_Pipeline_mem_rd_fu_82  |read_input_Pipeline_mem_rd  |        0|   0|  68|  143|    0|
    +--------------------------------------+----------------------------+---------+----+----+-----+-----+
    |Total                                 |                            |        0|   0|  68|  143|    0|
    +--------------------------------------+----------------------------+---------+----+----+-----+-----+

    * DSP: 
    N/A

    * Memory: 
    N/A

    * FIFO: 
    N/A

    * Expression: 
    +-----------------------+----------+----+---+----+------------+------------+
    |     Variable Name     | Operation| DSP| FF| LUT| Bitwidth P0| Bitwidth P1|
    +-----------------------+----------+----+---+----+------------+------------+
    |ap_ext_blocking_cur_n  |       and|   0|  0|   2|           1|           0|
    |ap_ext_blocking_n      |       and|   0|  0|   2|           1|           1|
    |ap_int_blocking_cur_n  |       and|   0|  0|   2|           1|           0|
    |ap_int_blocking_n      |       and|   0|  0|   2|           1|           1|
    |ap_str_blocking_n      |       and|   0|  0|   2|           1|           2|
    |icmp_ln68_fu_92_p2     |      icmp|   0|  0|  39|          32|           1|
    |ap_block_state1        |        or|   0|  0|   2|           1|           1|
    |empty_fu_102_p3        |    select|   0|  0|  31|           1|          31|
    +-----------------------+----------+----+---+----+------------+------------+
    |Total                  |          |   0|  0|  82|          39|          37|
    +-----------------------+----------+----+---+----+------------+------------+

    * Multiplexer: 
    +----------------------+-----+-----------+-----+-----------+
    |         Name         | LUT | Input Size| Bits| Total Bits|
    +----------------------+-----+-----------+-----+-----------+
    |ap_NS_fsm             |  401|         75|    1|         75|
    |ap_done               |    9|          2|    1|          2|
    |gmem0_blk_n_AR        |    9|          2|    1|          2|
    |inStream1_write       |    9|          2|    1|          2|
    |m_axi_gmem0_ARADDR    |   14|          3|   64|        192|
    |m_axi_gmem0_ARBURST   |    9|          2|    2|          4|
    |m_axi_gmem0_ARCACHE   |    9|          2|    4|          8|
    |m_axi_gmem0_ARID      |    9|          2|    1|          2|
    |m_axi_gmem0_ARLEN     |   14|          3|   32|         96|
    |m_axi_gmem0_ARLOCK    |    9|          2|    2|          4|
    |m_axi_gmem0_ARPROT    |    9|          2|    3|          6|
    |m_axi_gmem0_ARQOS     |    9|          2|    4|          8|
    |m_axi_gmem0_ARREGION  |    9|          2|    4|          8|
    |m_axi_gmem0_ARSIZE    |    9|          2|    3|          6|
    |m_axi_gmem0_ARUSER    |    9|          2|    1|          2|
    |m_axi_gmem0_ARVALID   |   14|          3|    1|          3|
    |m_axi_gmem0_RREADY    |    9|          2|    1|          2|
    |real_start            |    9|          2|    1|          2|
    |size_c1_blk_n         |    9|          2|    1|          2|
    +----------------------+-----+-----------+-----+-----------+
    |Total                 |  578|        114|  128|        426|
    +----------------------+-----+-----------+-----+-----------+

    * Register: 
    +---------------------------------------------------+----+----+-----+-----------+
    |                        Name                       | FF | LUT| Bits| Const Bits|
    +---------------------------------------------------+----+----+-----+-----------+
    |ap_CS_fsm                                          |  74|   0|   74|          0|
    |ap_done_reg                                        |   1|   0|    1|          0|
    |empty_reg_140                                      |  31|   0|   31|          0|
    |grp_read_input_Pipeline_mem_rd_fu_82_ap_start_reg  |   1|   0|    1|          0|
    |start_once_reg                                     |   1|   0|    1|          0|
    |trunc_ln68_2_reg_145                               |  62|   0|   62|          0|
    +---------------------------------------------------+----+----+-----+-----------+
    |Total                                              | 170|   0|  170|          0|
    +---------------------------------------------------+----+----+-----+-----------+



================================================================
== Interface
================================================================
* Summary: 
+--------------------------+-----+-----+------------+--------------+--------------+
|         RTL Ports        | Dir | Bits|  Protocol  | Source Object|    C Type    |
+--------------------------+-----+-----+------------+--------------+--------------+
|ap_clk                    |   in|    1|  ap_ctrl_hs|    read_input|  return value|
|ap_rst                    |   in|    1|  ap_ctrl_hs|    read_input|  return value|
|ap_start                  |   in|    1|  ap_ctrl_hs|    read_input|  return value|
|start_full_n              |   in|    1|  ap_ctrl_hs|    read_input|  return value|
|ap_done                   |  out|    1|  ap_ctrl_hs|    read_input|  return value|
|ap_continue               |   in|    1|  ap_ctrl_hs|    read_input|  return value|
|ap_idle                   |  out|    1|  ap_ctrl_hs|    read_input|  return value|
|ap_ready                  |  out|    1|  ap_ctrl_hs|    read_input|  return value|
|start_out                 |  out|    1|  ap_ctrl_hs|    read_input|  return value|
|start_write               |  out|    1|  ap_ctrl_hs|    read_input|  return value|
|ap_ext_blocking_n         |  out|    1|  ap_ctrl_hs|    read_input|  return value|
|ap_str_blocking_n         |  out|    1|  ap_ctrl_hs|    read_input|  return value|
|ap_int_blocking_n         |  out|    1|  ap_ctrl_hs|    read_input|  return value|
|m_axi_gmem0_AWVALID       |  out|    1|       m_axi|         gmem0|       pointer|
|m_axi_gmem0_AWREADY       |   in|    1|       m_axi|         gmem0|       pointer|
|m_axi_gmem0_AWADDR        |  out|   64|       m_axi|         gmem0|       pointer|
|m_axi_gmem0_AWID          |  out|    1|       m_axi|         gmem0|       pointer|
|m_axi_gmem0_AWLEN         |  out|   32|       m_axi|         gmem0|       pointer|
|m_axi_gmem0_AWSIZE        |  out|    3|       m_axi|         gmem0|       pointer|
|m_axi_gmem0_AWBURST       |  out|    2|       m_axi|         gmem0|       pointer|
|m_axi_gmem0_AWLOCK        |  out|    2|       m_axi|         gmem0|       pointer|
|m_axi_gmem0_AWCACHE       |  out|    4|       m_axi|         gmem0|       pointer|
|m_axi_gmem0_AWPROT        |  out|    3|       m_axi|         gmem0|       pointer|
|m_axi_gmem0_AWQOS         |  out|    4|       m_axi|         gmem0|       pointer|
|m_axi_gmem0_AWREGION      |  out|    4|       m_axi|         gmem0|       pointer|
|m_axi_gmem0_AWUSER        |  out|    1|       m_axi|         gmem0|       pointer|
|m_axi_gmem0_WVALID        |  out|    1|       m_axi|         gmem0|       pointer|
|m_axi_gmem0_WREADY        |   in|    1|       m_axi|         gmem0|       pointer|
|m_axi_gmem0_WDATA         |  out|   32|       m_axi|         gmem0|       pointer|
|m_axi_gmem0_WSTRB         |  out|    4|       m_axi|         gmem0|       pointer|
|m_axi_gmem0_WLAST         |  out|    1|       m_axi|         gmem0|       pointer|
|m_axi_gmem0_WID           |  out|    1|       m_axi|         gmem0|       pointer|
|m_axi_gmem0_WUSER         |  out|    1|       m_axi|         gmem0|       pointer|
|m_axi_gmem0_ARVALID       |  out|    1|       m_axi|         gmem0|       pointer|
|m_axi_gmem0_ARREADY       |   in|    1|       m_axi|         gmem0|       pointer|
|m_axi_gmem0_ARADDR        |  out|   64|       m_axi|         gmem0|       pointer|
|m_axi_gmem0_ARID          |  out|    1|       m_axi|         gmem0|       pointer|
|m_axi_gmem0_ARLEN         |  out|   32|       m_axi|         gmem0|       pointer|
|m_axi_gmem0_ARSIZE        |  out|    3|       m_axi|         gmem0|       pointer|
|m_axi_gmem0_ARBURST       |  out|    2|       m_axi|         gmem0|       pointer|
|m_axi_gmem0_ARLOCK        |  out|    2|       m_axi|         gmem0|       pointer|
|m_axi_gmem0_ARCACHE       |  out|    4|       m_axi|         gmem0|       pointer|
|m_axi_gmem0_ARPROT        |  out|    3|       m_axi|         gmem0|       pointer|
|m_axi_gmem0_ARQOS         |  out|    4|       m_axi|         gmem0|       pointer|
|m_axi_gmem0_ARREGION      |  out|    4|       m_axi|         gmem0|       pointer|
|m_axi_gmem0_ARUSER        |  out|    1|       m_axi|         gmem0|       pointer|
|m_axi_gmem0_RVALID        |   in|    1|       m_axi|         gmem0|       pointer|
|m_axi_gmem0_RREADY        |  out|    1|       m_axi|         gmem0|       pointer|
|m_axi_gmem0_RDATA         |   in|   32|       m_axi|         gmem0|       pointer|
|m_axi_gmem0_RLAST         |   in|    1|       m_axi|         gmem0|       pointer|
|m_axi_gmem0_RID           |   in|    1|       m_axi|         gmem0|       pointer|
|m_axi_gmem0_RFIFONUM      |   in|    9|       m_axi|         gmem0|       pointer|
|m_axi_gmem0_RUSER         |   in|    1|       m_axi|         gmem0|       pointer|
|m_axi_gmem0_RRESP         |   in|    2|       m_axi|         gmem0|       pointer|
|m_axi_gmem0_BVALID        |   in|    1|       m_axi|         gmem0|       pointer|
|m_axi_gmem0_BREADY        |  out|    1|       m_axi|         gmem0|       pointer|
|m_axi_gmem0_BRESP         |   in|    2|       m_axi|         gmem0|       pointer|
|m_axi_gmem0_BID           |   in|    1|       m_axi|         gmem0|       pointer|
|m_axi_gmem0_BUSER         |   in|    1|       m_axi|         gmem0|       pointer|
|in_r                      |   in|   64|     ap_none|          in_r|        scalar|
|size                      |   in|   32|     ap_none|          size|        scalar|
|size_c1_din               |  out|   32|     ap_fifo|       size_c1|       pointer|
|size_c1_num_data_valid    |   in|    3|     ap_fifo|       size_c1|       pointer|
|size_c1_fifo_cap          |   in|    3|     ap_fifo|       size_c1|       pointer|
|size_c1_full_n            |   in|    1|     ap_fifo|       size_c1|       pointer|
|size_c1_write             |  out|    1|     ap_fifo|       size_c1|       pointer|
|inStream1_din             |  out|   32|     ap_fifo|     inStream1|       pointer|
|inStream1_num_data_valid  |   in|    3|     ap_fifo|     inStream1|       pointer|
|inStream1_fifo_cap        |   in|    3|     ap_fifo|     inStream1|       pointer|
|inStream1_full_n          |   in|    1|     ap_fifo|     inStream1|       pointer|
|inStream1_write           |  out|    1|     ap_fifo|     inStream1|       pointer|
+--------------------------+-----+-----+------------+--------------+--------------+

